commit 0b4e35456e012bae6d7834d15b67ad96676f571a
Author: James <jamestompkins@hotmail.co.uk>
Date:   Thu Aug 27 08:08:49 2020 -0500

    added detail to second sentence

 sentences/jgt7cn.c | 2 +-
 1 file changed, 1 insertion(+), 1 deletion(-)

commit bcc334ef49afa460331af73f5635e1f706777bfa
Author: James <jamestompkins@hotmail.co.uk>
Date:   Thu Aug 27 08:04:20 2020 -0500

    added jgt7cn sentences

 Makefile             |  5 ++++-
 sentences/_HEADERS.h |  3 +++
 sentences/jgt7cn.c   | 11 +++++++++++
 story.c              |  3 +++
 the_story.txt        |  4 ++++
 5 files changed, 25 insertions(+), 1 deletion(-)

commit 20a6faf75c5e11543b4e0f9cb1b4b72330f9ddd3
Merge: 4dc808e ce7fe40
Author: Zachary S <pizzapants111@gmail.com>
Date:   Thu Aug 27 06:09:15 2020 -0500

    Merge branch 'zasbdy'

commit ce7fe4011f47b80be5c7745793da62abccb3eef6
Author: Zachary S <pizzapants111@gmail.com>
Date:   Thu Aug 27 06:01:00 2020 -0500

    Added story.exe to .gitignore for Windows builds

 .gitignore | 1 +
 1 file changed, 1 insertion(+)

commit 4dc808eb2de5766af966ecca549af0cccea431fb
Author: Andrew Huhman <andrewhuhman@gmail.com>
Date:   Thu Aug 27 05:59:19 2020 -0500

    first push

 huhmana.o     | Bin 0 -> 983 bytes
 story.exe     | Bin 0 -> 48113 bytes
 the_story.txt |   8 ++++++++
 3 files changed, 8 insertions(+)

commit 6aa2d1e50da9c56adcc3f368749687fd23a6ff99
Author: Andrew Huhman <andrewhuhman@gmail.com>
Date:   Thu Aug 27 04:42:05 2020 -0500

    first push

 Makefile | 7 +++++--
 1 file changed, 5 insertions(+), 2 deletions(-)

commit bb0f2ff3a53c478c12fc7cb3bf7376d95b1f8f5e
Author: Andrew Huhman <andrewhuhman@gmail.com>
Date:   Thu Aug 27 04:34:45 2020 -0500

    first push

 sentences/_HEADERS.h |   3 +++
 sentences/huhmana.c  |  15 +++++++++++++++
 story.c              |   7 ++++++-
 story.exe            | Bin 43655 -> 0 bytes
 story.o              | Bin 1485 -> 1654 bytes
 5 files changed, 24 insertions(+), 1 deletion(-)

commit a51013887055cde2075c5b8f77eff7142397bced
Author: Zachary S <pizzapants111@gmail.com>
Date:   Wed Aug 26 15:32:40 2020 -0500

    Added zasbdySentence1 and zasbdySentence2

 Makefile             |  5 ++++-
 sentences/_HEADERS.h |  3 +++
 sentences/zasbdy.c   | 18 ++++++++++++++++++
 story.c              |  4 ++++
 the_story.txt        |  6 ++++++
 5 files changed, 35 insertions(+), 1 deletion(-)

commit 085ae2effa286bed1956d6cbeb74ff8603c2590b
Author: Zachary S <pizzapants111@gmail.com>
Date:   Wed Aug 26 15:30:01 2020 -0500

    Fixed Makefile
    In general, each rule in a Makefile should have only one definition that gives all of its dependencies.

 Makefile | 6 ++----
 1 file changed, 2 insertions(+), 4 deletions(-)

commit 7a8097ea3f2838c218f1384629b1432f4bbd525e
Author: Zachary S <pizzapants111@gmail.com>
Date:   Wed Aug 26 15:29:26 2020 -0500

    Added .gitignore file to prevent build artifacts being added to the repository

 .gitignore | 3 +++
 1 file changed, 3 insertions(+)

commit b605ab8b208cc0ceed62cb16208dd797076a726e
Author: Zachary S <pizzapants111@gmail.com>
Date:   Wed Aug 26 15:28:01 2020 -0500

    Removed build artifacts from repository.

 bpbkt7.o | Bin 929 -> 0 bytes
 lhn95.o  | Bin 972 -> 0 bytes
 sn4fd.o  | Bin 963 -> 0 bytes
 story.o  | Bin 1485 -> 0 bytes
 zzd8h.o  | Bin 967 -> 0 bytes
 5 files changed, 0 insertions(+), 0 deletions(-)

commit 2e1a1c02ed7db75284718f12f5154bb0dcd76e27
Author: ZHGZYANG <git@zhgzyang.cn>
Date:   Wed Aug 26 15:19:54 2020 -0500

    first push

 .DS_Store            | Bin 8196 -> 0 bytes
 Makefile             |   5 ++++-
 bpbkt7.o             | Bin 980 -> 929 bytes
 lhn95.o              | Bin 1016 -> 972 bytes
 sentences/_HEADERS.h |   3 ++-
 sentences/zzd8h.c    |  15 +++++++++++++++
 sn4fd.o              | Bin 1016 -> 963 bytes
 story                | Bin 12764 -> 0 bytes
 story.c              |   5 ++++-
 story.exe            | Bin 0 -> 43655 bytes
 story.o              | Bin 1104 -> 1485 bytes
 the_story.txt        |   7 +++++++
 zzd8h.o              | Bin 0 -> 967 bytes
 13 files changed, 32 insertions(+), 3 deletions(-)

commit 28a6f69aa18569ea3cf081ded7f149a7b64c566d
Merge: 405382f 9ac3309
Author: Shashank Nambi <59937058+ShashankNambi1998@users.noreply.github.com>
Date:   Wed Aug 26 14:52:08 2020 -0500

    Merge pull request #1 from MUSoftwareEngineering/Sn4fd
    
    Sn4fd

commit 9ac3309d614a02d0cbe7d62078df344899d6ef7e
Merge: ad36dd3 405382f
Author: [Sn4fd] <59937058+ShashankNambi1998@users.noreply.github.com>
Date:   Wed Aug 26 14:51:49 2020 -0500

    Merge branch 'master' into Sn4fd

commit ad36dd3cdedcafff25d997b0098c3cc99ce69679
Author: [Sn4fd] <59937058+ShashankNambi1998@users.noreply.github.com>
Date:   Wed Aug 26 14:39:46 2020 -0500

    Sn4fd
    
    Added to story

 Makefile             |   6 ++++--
 bpbkt7.o             | Bin 0 -> 980 bytes
 sentences/_HEADERS.h |   3 ++-
 sentences/sn4fd.c    |  15 +++++++++++++++
 sn4fd.o              | Bin 0 -> 1016 bytes
 story                | Bin 0 -> 12764 bytes
 story.c              |   6 ++++--
 story.o              | Bin 0 -> 1104 bytes
 the_story.txt        |   7 +++++++
 9 files changed, 32 insertions(+), 5 deletions(-)

commit 405382fa441a75efc338d1d7fba48444c8683ff0
Merge: df61d03 9c90dd3
Author: Lingshu Hu <lingshu.hu@hotmail.com>
Date:   Wed Aug 26 14:28:57 2020 -0500

    Merge branch 'master' of https://github.com/MUSoftwareEngineering/GitMagic
    
    Merge lhn95's work.

commit 9c90dd3af87e2b8db52b86f1c7790f3b1c4d88c7
Author: Sean P. Goggins <s@goggins.com>
Date:   Wed Aug 26 14:20:47 2020 -0500

    Update README.md

 README.md | 5 +----
 1 file changed, 1 insertion(+), 4 deletions(-)

commit df61d03a12368e47897fb42b2ae86f1e3bda2e9e
Author: Lingshu Hu <lingshu.hu@hotmail.com>
Date:   Wed Aug 26 13:45:41 2020 -0500

    two sentences completed

 .DS_Store            | Bin 0 -> 8196 bytes
 Makefile             |   5 +++--
 bpbkt7.o             | Bin 0 -> 980 bytes
 lhn95.o              | Bin 0 -> 1016 bytes
 sentences/.DS_Store  | Bin 0 -> 6148 bytes
 sentences/_HEADERS.h |   3 ++-
 sentences/lhn95.c    |  18 ++++++++++++++++++
 story                | Bin 0 -> 12740 bytes
 story.c              |   6 +++++-
 story.o              | Bin 0 -> 1120 bytes
 the_story.txt        |   8 ++++++++
 11 files changed, 36 insertions(+), 4 deletions(-)

commit dba8a43a7ae9eec73cf0f7c9fe00975cd7d8ff1e
Author: Goggins, Sean Patrick <s@goggins.com>
Date:   Tue Aug 11 14:00:19 2020 -0500

    Initial commit

 Github exercise_1.docx | Bin 0 -> 133730 bytes
 Github exercise_1.pdf  | Bin 0 -> 117575 bytes
 Makefile               |  70 +++++++++++++++++++++++++++++++++++++++++++++++++
 README.md              |   4 +++
 sentences/_HEADERS.h   |  10 +++++++
 sentences/bpbkt7.c     |  18 +++++++++++++
 story.c                |  26 ++++++++++++++++++
 the_story.txt          |   9 +++++++
 8 files changed, 137 insertions(+)
