commit 16a79df0980c45808996e52bb368f9b6def5e25f
Author: AJ Wilkinson <ajwilkinson18@gmail.com>
Date:   Sun Jan 24 17:07:40 2021 -0600

    Added sentences to story with aswd62.c

 Makefile             |   5 +-
 sentences/_HEADERS.h |   3 +
 sentences/aswd62.c   |  10 +
 story.c              |   2 +
 the_story.txt        | 582 ++++++++++++++++++++++++++-------------------------
 5 files changed, 312 insertions(+), 290 deletions(-)

commit c946e7784f64f160afe3de9daa28e3c3620bc184
Author: Nathan Shepherd <nszwq@umsystem.edu>
Date:   Sat Jan 23 23:48:03 2021 -0600

    added in nszwq.c, edited story.c and header.c

 Makefile             |   4 +-
 sentences/_HEADERS.h |   4 +-
 sentences/nszwq.c    |   4 +-
 story.c              |   7 +-
 the_story.txt        | 582 +++++++++++++++++++++++++--------------------------
 5 files changed, 296 insertions(+), 305 deletions(-)

commit 4343c1bb0a574e5afaff0b441e0ea813d313fba0
Author: gms4kc <gms4kc@mail.missouri.edu>
Date:   Sat Jan 23 23:23:09 2021 -0600

    Added sentences

 Makefile             | 7 +++++--
 sentences/_HEADERS.h | 2 ++
 story.c              | 5 +++++
 the_story.txt        | 4 ++++
 4 files changed, 16 insertions(+), 2 deletions(-)

commit 89abd8120d3f3f121e2cf3de351b791dc968bdfc
Author: Alec Glascock <alecglas@gmail.com>
Date:   Sat Jan 23 22:40:36 2021 -0600

    added aagd8b's sentences

 Makefile             |  5 ++++-
 sentences/_HEADERS.h |  3 +++
 sentences/aagd8b.c   | 13 +++++++++++++
 story.c              |  4 ++++
 the_story.txt        |  6 ++++++
 5 files changed, 30 insertions(+), 1 deletion(-)

commit bb7dd2ca54b2a81a4eb5e7f7520e4794a1dcd50f
Author: Claire Hughey <cfhbvp@umsystem.edu>
Date:   Sat Jan 23 20:44:28 2021 -0600

    Added sentences to story.

 Makefile             |  5 ++++-
 sentences/_HEADERS.h |  4 ++++
 sentences/cfhbvp.c   | 14 ++++++++++++++
 story.c              |  5 +++++
 the_story.txt        |  4 ++++
 5 files changed, 31 insertions(+), 1 deletion(-)

commit d836e542e80edb270881d2a74b259817e1ebafe2
Author: chloegjones <chloegrcjones@gmail.com>
Date:   Sat Jan 23 18:29:31 2021 -0600

    added logs

 branch_cgjnd7.log | 2386 +++++++++++++++++++++++++++++++++++++++++++++++++++++
 master_cgjnd7.log | 2386 +++++++++++++++++++++++++++++++++++++++++++++++++++++
 2 files changed, 4772 insertions(+)

commit 7880e636706ae7ae922261263471f752176b2b5e
Author: chloegjones <chloegrcjones@gmail.com>
Date:   Sat Jan 23 18:13:47 2021 -0600

    added cgjnd7.o to makefile

 Makefile      | 4 ++--
 the_story.txt | 2 ++
 2 files changed, 4 insertions(+), 2 deletions(-)

commit b08c1740ae98179d922cdd382cac7600932934af
Author: chloegjones <chloegrcjones@gmail.com>
Date:   Sat Jan 23 18:05:37 2021 -0600

    modified Makefile

 Makefile | 3 +++
 1 file changed, 3 insertions(+)

commit cfbf81c7396931d66bbf1b55ae5987e41e06954d
Author: chloegjones <chloegrcjones@gmail.com>
Date:   Sat Jan 23 18:03:57 2021 -0600

    added cgjnd7 functions to story.c

 story.c | 6 +++---
 1 file changed, 3 insertions(+), 3 deletions(-)

commit 42dabec3f51a8b4a793979817063deb09ff14437
Author: chloegjones <chloegrcjones@gmail.com>
Date:   Sat Jan 23 17:57:47 2021 -0600

    added int cgjnd71 and int cgjnd72 to headers

 sentences/_HEADERS.h | 3 +++
 1 file changed, 3 insertions(+)

commit c564c57d25093153b8d35ced551f8050aca6b308
Author: chloegjones <chloegrcjones@gmail.com>
Date:   Sat Jan 23 17:55:15 2021 -0600

    added sentences to sentences/cgjnd7.c

 sentences/cgjnd7.c | 2 ++
 1 file changed, 2 insertions(+)

commit 1019fd55d4e568b4a2de82fc8fff5ab75d84ea03
Author: chloegjones <chloegrcjones@gmail.com>
Date:   Sat Jan 23 17:48:37 2021 -0600

    added sentences to cgjnd7.c

 sentences/cgjnd7.c | 9 +++++++++
 1 file changed, 9 insertions(+)

commit 70a7cc996995ef4ab5c83a5daeba5bacc5076c11
Author: Daniel Buffum <drbuffum13@gmail.com>
Date:   Sat Jan 23 16:36:25 2021 -0600

    Added drbk8v sentences to the story

 Makefile             |  5 ++++-
 sentences/_HEADERS.h |  2 ++
 sentences/drbk8v.c   | 11 +++++++++++
 story.c              |  4 ++++
 the_story.txt        |  4 ++++
 5 files changed, 25 insertions(+), 1 deletion(-)

commit fe49dcf15435643fc10d74d045150efc7231d42a
Merge: b383e63 3a911dd
Author: Stuart Aldrich <sa5f5@mail.missouri.edu>
Date:   Sat Jan 23 15:48:48 2021 -0600

    Merge branch 'master' of github.com:MUSoftwareEngineering/GitMagic into sa5f5

commit b383e63c89f597f34571ee58a6db2e82a65c7aba
Author: Stuart Aldrich <sa5f5@mail.missouri.edu>
Date:   Sat Jan 23 15:43:40 2021 -0600

    sa5f5 parts of story added

 Makefile             |  5 ++++-
 sentences/_HEADERS.h |  2 ++
 sentences/sa5f5.c    | 14 ++++++++++++++
 story.c              |  4 ++++
 the_story.txt        |  4 ++++
 5 files changed, 28 insertions(+), 1 deletion(-)

commit 3a911dddef7fd1ac8e5a98d043bc16ce54213b96
Merge: 4748703 e0a1e63
Author: Bailey Richards <bailey1richards7@gmail.com>
Date:   Sat Jan 23 15:41:24 2021 -0600

    Added sentences

commit 4748703fa0c3ac5ab130ecac1311beeb2c57dbe1
Author: Bailey Richards <bailey1richards7@gmail.com>
Date:   Sat Jan 23 15:36:52 2021 -0600

    Added my sentences

 Makefile             |  5 ++++-
 sentences/_HEADERS.h |  3 +++
 sentences/bsr4xm.c   | 14 ++++++++++++++
 story.c              |  7 +++++++
 the_story.txt        | 42 ++++--------------------------------------
 5 files changed, 32 insertions(+), 39 deletions(-)

commit e0a1e6316a7405b7807631db3c665d2fe75b1fb1
Author: bameroncaird <cameron.baird65@gmail.com>
Date:   Sat Jan 23 14:24:31 2021 -0600

    Added my sentences

 Makefile             |  4 +++-
 sentences/_HEADERS.h |  3 +++
 sentences/cjbd8r.c   | 10 ++++++++++
 story.c              |  3 +++
 the_story.txt        | 40 ++--------------------------------------
 5 files changed, 21 insertions(+), 39 deletions(-)

commit bb72041aeea40ddb324e6eaf6ace881a110ce50e
Merge: 523ae00 4d70d51
Author: Caleb Sellinger <crsb74@umsystem.edu>
Date:   Sat Jan 23 13:48:41 2021 -0600

    Merge branch 'origin/crsb74'

commit 4d70d519a58c7e4cce65eaf7faa73a803ba74253
Author: Caleb Sellinger <crsb74@umsystem.edu>
Date:   Sat Jan 23 13:41:31 2021 -0600

    Wrote sentence functions in crsb74.c, changed header file accordingly, added function to make file, added functions appropriately in story.c

 Makefile             |  8 ++++++--
 sentences/_HEADERS.h |  2 ++
 sentences/crsb74.c   | 11 +++++++++++
 story.c              | 12 ++++++++----
 the_story.txt        |  6 ++++++
 5 files changed, 33 insertions(+), 6 deletions(-)

commit 523ae001113503a0317288424835444720d4a09c
Author: bameroncaird <cameron.baird65@gmail.com>
Date:   Sat Jan 23 13:14:28 2021 -0600

    Fixing someone else's code

 sentences/jcpmn6.c | 4 +++-
 1 file changed, 3 insertions(+), 1 deletion(-)

commit d7da7d41f9ca948ef71c71b1dfccdd88b7e267f1
Merge: ade55e0 04186bb
Author: jphillips3275 <77686103+jphillips3275@users.noreply.github.com>
Date:   Fri Jan 22 21:18:03 2021 -0600

    Merge pull request #32 from MUSoftwareEngineering/jcpmn6
    
    Added jcpmn6 sentences

commit 04186bb0d6973aa120620140bce56d13d9747b51
Author: jphillips3275 <77686103+jphillips3275@users.noreply.github.com>
Date:   Fri Jan 22 21:17:12 2021 -0600

    Added jcpmn6 sentences

 Makefile             | 5 ++++-
 sentences/_HEADERS.h | 3 +++
 sentences/jcpmn6.c   | 9 +++++++++
 story.c              | 5 +++++
 4 files changed, 21 insertions(+), 1 deletion(-)

commit ade55e08cb4af2a72298170a589e174e663eacf0
Author: BDRoss <brossn7@gmail.com>
Date:   Fri Jan 22 19:22:31 2021 -0600

    Added logs
    
    (Finally got git installed to Windows command line)

 branch_bdr526.log | 2156 +++++++++++++++++++++++++++++++++++++++++++++++++++++
 master_bdr526.log | 2156 +++++++++++++++++++++++++++++++++++++++++++++++++++++
 2 files changed, 4312 insertions(+)

commit f1820ad9c69429cbe791e07b26eafedf24f07a9b
Merge: 4089cd3 681b462
Author: BDRoss <brossn7@gmail.com>
Date:   Fri Jan 22 19:21:35 2021 -0600

    Merge branch 'master' of https://github.com/MUSoftwareEngineering/GitMagic

commit 681b46226738a7b4dd853bd4779e36483f461565
Author: Ben Bradshaw <bebk9h@umsystem.edu>
Date:   Fri Jan 22 18:55:01 2021 -0600

    Log files

 branch_bebk9h.log | 2142 +++++++++++++++++++++++++++++++++++++++++++++++++++++
 master_bebk9h.log | 2142 +++++++++++++++++++++++++++++++++++++++++++++++++++++
 2 files changed, 4284 insertions(+)

commit dd97c9e5e4a08b11768ddb3f7896e06ce4a2171b
Author: Ben Bradshaw <bebk9h@umsystem.edu>
Date:   Fri Jan 22 18:44:03 2021 -0600

    Fixed bebk9h.c

 sentences/bebk9h.c | 4 ++--
 1 file changed, 2 insertions(+), 2 deletions(-)

commit e938df3e10b92fd32752d5668c071045cd7c0f5e
Author: Ben Bradshaw <bebk9h@umsystem.edu>
Date:   Fri Jan 22 18:40:51 2021 -0600

    Added bebk9h sentences.

 Makefile             |  5 ++++-
 sentences/_HEADERS.h |  3 +++
 sentences/bebk9h.c   | 11 +++++++++++
 story.c              |  3 +++
 4 files changed, 21 insertions(+), 1 deletion(-)

commit 5bf85011caac4b784cdabc2882132022ee89258e
Author: Ben Bradshaw <bebk9h@umsystem.edu>
Date:   Fri Jan 22 18:30:11 2021 -0600

    Fixed huhmana.c file

 sentences/huhmana.c | 2 +-
 1 file changed, 1 insertion(+), 1 deletion(-)

commit 4089cd3c7cb90ea6369ea2cadac7a5a5b308a8db
Merge: a5c0948 ae1726b
Author: BDRoss <brossn7@gmail.com>
Date:   Fri Jan 22 18:20:36 2021 -0600

    Merge branch 'bdr526'

commit ae1726b296ce5e760b76cf3d1ff61ef00c232cc3
Author: BDRoss <brossn7@gmail.com>
Date:   Fri Jan 22 18:20:05 2021 -0600

    File Clean Up
    
    Almost pushed without cleaning all .o and .exe files.  Woops.

 nbproject/private/tools/localhost/Cygwin/g++.exe | Bin 15872 -> 0 bytes
 nbproject/private/tools/localhost/Cygwin/gcc.exe | Bin 15872 -> 0 bytes
 the_story.exe                                    |   0
 3 files changed, 0 insertions(+), 0 deletions(-)

commit a5c0948488e6ca0d440c5460fcd2aaf748e377bc
Merge: 8cf0e42 bf711a6
Author: BDRoss <brossn7@gmail.com>
Date:   Fri Jan 22 18:12:40 2021 -0600

    Merge branch 'bdr526'

commit bf711a6e29fad9b80bf9627410950dbf94c64b71
Author: BDRoss <brossn7@gmail.com>
Date:   Fri Jan 22 18:07:08 2021 -0600

    bdr526 Assignment 1
    
    Added my sentence to the file and adjusted the other files as necessary.

 Makefile             |  5 ++++-
 sentences/_HEADERS.h |  5 ++++-
 sentences/bdr526.c   | 13 +++++++++++++
 story.c              |  8 +++++++-
 story.txt            |  0
 the_story.exe        |  0
 the_story.txt        | 13 ++++++++-----
 7 files changed, 36 insertions(+), 8 deletions(-)

commit 8cf0e422956eaf2a3fee52b788ff615a93aee96c
Merge: 82a2f73 dc159b1
Author: Andrew <huhmana@umsystem.edu>
Date:   Fri Jan 22 15:51:06 2021 -0600

    Merge branch 'huhmana'

commit dc159b1d5180ecee64b7ee4a1e1af30057e3dbbd
Author: Andrew <huhmana@umsystem.edu>
Date:   Fri Jan 22 15:50:37 2021 -0600

    huhmana log

 branch_huhmana1.log | 1991 +++++++++++++++++++++++++++++++++++++++++++++++++++
 1 file changed, 1991 insertions(+)

commit 82a2f735457e16b6b4f91d6cd7e419397d8716fb
Author: Andrew <huhmana@umsystem.edu>
Date:   Fri Jan 22 15:49:24 2021 -0600

    deleted log from sentences directory

 sentences/branch_huhmana1.log | 1982 -----------------------------------------
 1 file changed, 1982 deletions(-)

commit a95db22633790bd13ae2be699efea0dd19569b7f
Author: Andrew <huhmana@umsystem.edu>
Date:   Fri Jan 22 15:48:49 2021 -0600

    deleted log from sentences directory

 sentences/branch_huhmana.log | 1973 ------------------------------------------
 1 file changed, 1973 deletions(-)

commit 517f8e9fc0bad9d2db53e0b24931ebbe03a07551
Merge: 8258958 3f43f20
Author: Andrew <huhmana@umsystem.edu>
Date:   Fri Jan 22 15:45:13 2021 -0600

    Merge branch 'huhmana'

commit 825895899a5883832b2d60887b7e1e45a2327c8b
Author: Andrew <huhmana@umsystem.edu>
Date:   Fri Jan 22 15:44:00 2021 -0600

    huhmana master log

 master_huhmana1.log | 2044 +++++++++++++++++++++++++++++++++++++++++++++++++++
 1 file changed, 2044 insertions(+)

commit 3f43f2023e200f1355493ea23f27595d72c5d8de
Author: Andrew <huhmana@umsystem.edu>
Date:   Fri Jan 22 15:42:30 2021 -0600

    huhmana log

 sentences/branch_huhmana1.log | 1982 +++++++++++++++++++++++++++++++++++++++++
 1 file changed, 1982 insertions(+)

commit 7f361b70cdf2cf7c77d7a6b783970a907c8afb04
Author: Andrew <huhmana@umsystem.edu>
Date:   Fri Jan 22 15:32:00 2021 -0600

    deleted log from sentences directory

 sentences/branch_huhmana.log | 1973 ------------------------------------------
 1 file changed, 1973 deletions(-)

commit f5bf8bc49532ad4febac79506c479f4cd7c23447
Author: Andrew <huhmana@umsystem.edu>
Date:   Fri Jan 22 15:30:17 2021 -0600

    deleted log from sentences directory

 sentences/master_huhmana.log | 2017 ------------------------------------------
 1 file changed, 2017 deletions(-)

commit 21f1bfbd9ca33b5b064b928d795c19b9aa7706c2
Author: Andrew <huhmana@umsystem.edu>
Date:   Fri Jan 22 15:28:17 2021 -0600

    master log

 sentences/master_huhmana.log | 44 ++++++++++++++++++++++++++++++++++++++++++++
 1 file changed, 44 insertions(+)

commit 90cecf05e450c9e2d34bd2748a90e05ae7955d98
Author: Andrew <huhmana@umsystem.edu>
Date:   Fri Jan 22 15:27:09 2021 -0600

    huhmana log

 sentences/branch_huhmana.log | 1973 ++++++++++++++++++++++++++++++++++++++++++
 1 file changed, 1973 insertions(+)

commit f972c6b9800f0717d416ae4db767eb4ceb33fc58
Merge: aed8d3c 58770fe
Author: Andrew <huhmana@umsystem.edu>
Date:   Fri Jan 22 15:25:13 2021 -0600

    Merge branch 'master' of https://github.com/MUSoftwareEngineering/GitMagic

commit aed8d3cbbf3e0948e4b45678fe1bc9faa0186f19
Author: Andrew <huhmana@umsystem.edu>
Date:   Fri Jan 22 15:17:03 2021 -0600

    Log Files

 sentences/branch_huhmana.log | 1973 ++++++++++++++++++++++++++++++++++++++++++
 sentences/master_huhmana.log | 1973 ++++++++++++++++++++++++++++++++++++++++++
 2 files changed, 3946 insertions(+)

commit 58770fea26f696f4d7d06d3ce0855cb7535e660a
Merge: f87eebe 849e688
Author: Jacob Salka <jdskgd@umsystem.edu>
Date:   Fri Jan 22 14:57:09 2021 -0600

    Merge branch 'master' of https://github.com/MUSoftwareEngineering/GitMagic

commit f87eebeaead67c777d9a70fdab1fb56bb7866f57
Merge: e350323 a6c7e76
Author: Jacob Salka <jdskgd@umsystem.edu>
Date:   Fri Jan 22 14:57:03 2021 -0600

    Fixed merge errors after pulling updated master

commit 849e688b8d7dbd40f833f24e7bfdb72c64debf35
Author: Andrew <huhmana@umsystem.edu>
Date:   Fri Jan 22 14:50:41 2021 -0600

    Added my sentences

 sentences/huhmana.c | 14 ++++++++++++++
 1 file changed, 14 insertions(+)

commit 2d48eca5281005bc19e237ce1729278732654053
Author: Andrew <huhmana@umsystem.edu>
Date:   Fri Jan 22 14:38:34 2021 -0600

    Deleted huhmana.c from main repository to move to sentences

 huhmana.c | 15 ---------------
 1 file changed, 15 deletions(-)

commit a6c7e76b0123b8a817772b81a8c076995d74f70b
Author: Jacob Salka <jdskgd@umsystem.edu>
Date:   Fri Jan 22 14:29:20 2021 -0600

    Added my 2 sentences and updated files as required

 Makefile             |  5 ++++-
 sentences/_HEADERS.h |  5 ++++-
 sentences/jdskgd.c   | 15 +++++++++++++++
 story.c              |  5 +++++
 the_story.txt        | 12 +++++++++++-
 5 files changed, 39 insertions(+), 3 deletions(-)

commit e3503232f7f2e69bd107d9b1300bc08d06dbab23
Merge: c4b343f 86b444d
Author: Andrew <huhmana@umsystem.edu>
Date:   Fri Jan 22 14:18:50 2021 -0600

    Merge branch 'huhmana.c'
    
    Merged my branch to master

commit 86b444d8e3ba87b2c4e06d539b625e700ece4e15
Author: Andrew <huhmana@umsystem.edu>
Date:   Fri Jan 22 14:18:28 2021 -0600

    Added huhmana Sentences

 huhmana.c | 15 +++++++++++++++
 1 file changed, 15 insertions(+)

commit c4b343f77277da4578e68e42b5809b05e1d6c3ac
Author: Andrew <huhmana@umsystem.edu>
Date:   Fri Jan 22 14:12:46 2021 -0600

    Deleted old huhmana.c file from repository

 sentences/huhmana.c | 15 ---------------
 1 file changed, 15 deletions(-)

commit 4499064fa80558336b3fe7abe469c075b9076358
Author: Caleb Gilbert <cag7m5@mail.missouri.edu>
Date:   Fri Jan 22 13:22:17 2021 -0600

    added cag7m5 sentences

 Makefile             |  5 ++++-
 sentences/_HEADERS.h |  5 ++++-
 sentences/cag7m5.c   | 14 ++++++++++++++
 sentences/zzd8h.c    |  2 +-
 story.c              |  4 ++++
 the_story.txt        | 11 ++++++++++-
 6 files changed, 37 insertions(+), 4 deletions(-)

commit b82bd46a60cb179fc3732a1be335d1ba97670e1c
Author: JadenNosk <jadhawgame@gmail.com>
Date:   Fri Jan 22 12:22:01 2021 -0600

    Added my sentences and fixed llkdb's make file code. Added llkdb's sentences to header

 Makefile             |  5 ++++-
 sentences/_HEADERS.h |  6 ++++++
 sentences/jrh22r.c   | 12 ++++++++++++
 story.c              |  6 ++++++
 4 files changed, 28 insertions(+), 1 deletion(-)

commit 26dc03a9b5738c5ab1c8ef740614b5542c2db2b9
Merge: 7551a7b 9238441
Author: Walker Brownfield <wwbpg3@umsystem.edu>
Date:   Fri Jan 22 09:51:11 2021 -0600

    Resolved merge conflicts

commit 9238441afe9df2c6eda4f14ef5a1a5a1e927448a
Merge: 422266a 4d6427c
Author: Jim Yang <76235469+jydz9@users.noreply.github.com>
Date:   Thu Jan 21 22:39:26 2021 -0600

    Merge pull request #31 from jydz9/master
    
    delete my file

commit 4d6427c9d3b560399f1b101e4d7dbda8c5761b73
Author: Jim Yang <jydz9@umsystem.edu>
Date:   Thu Jan 21 22:19:27 2021 -0600

    delete my other file

 master_jydz9.log | 1134 ------------------------------------------------------
 1 file changed, 1134 deletions(-)

commit c1e956143f8b9b7ed338faeb56ca0db8427cc0a0
Author: Jim Yang <jydz9@umsystem.edu>
Date:   Thu Jan 21 22:15:54 2021 -0600

    delete my file

 branch_jydz9.log | 1134 ------------------------------------------------------
 1 file changed, 1134 deletions(-)

commit 422266a829e9e4b98ab724d69428732b45edf2b3
Author: orionkepler <orionkeplerg@gmail.com>
Date:   Fri Jan 22 11:30:11 2021 +0800

    This is a branch

 sentences/llkdb.c | 2 +-
 1 file changed, 1 insertion(+), 1 deletion(-)

commit f2ce44c0b9592397238aecb04f06778ee6e2b43c
Author: orionkepler <orionkeplerg@gmail.com>
Date:   Fri Jan 22 11:03:14 2021 +0800

    add two sentences

 Makefile             |  4 +++-
 sentences/_HEADERS.h |  3 +++
 sentences/llkdb.c    | 18 ++++++++++++++++++
 story.c              |  4 ++++
 the_story.txt        | 12 ++++++++++++
 5 files changed, 40 insertions(+), 1 deletion(-)

commit 7551a7bdeff06524e62e8867f747fcda354c971e
Author: Walker Brownfield <wwbpg3@umsystem.edu>
Date:   Thu Jan 21 20:42:45 2021 -0600

    Another attempt at a push

 Makefile             |    8 +-
 branch_jydz9.log     | 1134 ++++++++++++++++++++++++++++++++++++++++++++++++++
 master_jydz9.log     | 1134 ++++++++++++++++++++++++++++++++++++++++++++++++++
 sentences/_HEADERS.h |    6 +
 sentences/nhmbx2.c   |   14 +
 sentences/rjgxfv.c   |   15 +
 story.c              |   10 +
 the_story.txt        |    8 +
 8 files changed, 2328 insertions(+), 1 deletion(-)

commit cb56cadb7f3f9f072fb214e29485902725680671
Author: Natalie Myers <nataliehmyers@gmail.com>
Date:   Thu Jan 21 20:33:26 2021 -0600

    Whoops! no one saw that

 sentences/rjgxfv.c | 15 +++++++++++++++
 1 file changed, 15 insertions(+)

commit 2edc8159c9dd21b2db3487727fda685aced22631
Author: Walker Brownfield <wwbpg3@umsystem.edu>
Date:   Thu Jan 21 20:27:32 2021 -0600

    Added new wwbpg3 contribution

 Makefile             |  5 ++++-
 sentences/_HEADERS.h |  3 +++
 sentences/wwbpg3-1.c | 13 +++++++++++++
 sentences/wwbpg31.c  | 10 ++++++++++
 story.c              |  6 +++++-
 the_story.txt        | 11 +++++++++++
 6 files changed, 46 insertions(+), 2 deletions(-)

commit 74b4e87de10236bd1558e0333fedb8fbfdc7330d
Merge: 2a793ba cdac630
Author: Natalie Myers <nataliehmyers@gmail.com>
Date:   Thu Jan 21 20:25:24 2021 -0600

    Merge branch 'master' into nhmbx2

commit 2a793badb9da7bda05662d532dc7c59c225bbd2b
Author: Natalie Myers <nataliehmyers@gmail.com>
Date:   Thu Jan 21 20:11:26 2021 -0600

    Continued story

 Makefile             |  7 ++++++-
 sentences/_HEADERS.h |  4 ++++
 sentences/nhmbx2.c   | 14 ++++++++++++++
 story.c              |  6 ++++++
 4 files changed, 30 insertions(+), 1 deletion(-)

commit cdac6301c1712d3606f4a779949b2e8eb696ec1a
Author: rjgxfv <rjgxfv@umsystem.edu>
Date:   Thu Jan 21 20:01:50 2021 -0600

    Added the lines for rjgxfv

 Makefile             |  5 ++++-
 sentences/_HEADERS.h |  3 +++
 sentences/rjgxfv.c   | 14 ++++++++++++++
 story.c              |  4 ++++
 the_story.txt        |  3 +++
 5 files changed, 28 insertions(+), 1 deletion(-)

commit c84f49c23f2596483bca5b9191c71171c50d14f5
Author: Jim Yang <jydz9@umsystem.edu>
Date:   Thu Jan 21 19:03:23 2021 -0600

    fix my problem

 branch_jydz9.log | 1755 ------------------------------------------------------
 master_jydz9.log | 1755 ------------------------------------------------------
 2 files changed, 3510 deletions(-)

commit 8ec622179781de0b9b4dd135f7978ba13770e390
Author: Jim Yang <jydz9@umsystem.edu>
Date:   Thu Jan 21 18:58:00 2021 -0600

    deleted my file

 branch_jydz9.log | 621 +++++++++++++++++++++++++++++++++++++++++++++++++++++++
 master_jydz9.log | 621 +++++++++++++++++++++++++++++++++++++++++++++++++++++++
 2 files changed, 1242 insertions(+)

commit 02cdcd487eed5b4b15fb02dd524b87ddee011008
Author: Jim Yang <jydz9@umsystem.edu>
Date:   Thu Jan 21 18:27:04 2021 -0600

    modified

 branch_jydz9.log | 1134 ++++++++++++++++++++++++++++++++++++++++++++++++++++++
 master_jydz9.log | 1134 ++++++++++++++++++++++++++++++++++++++++++++++++++++++
 the_story.txt    |  266 +++++++++++++
 3 files changed, 2534 insertions(+)

commit f9a38e55b181b348792b464e1276ce649b233c1e
Author: Jim Yang <76235469+Celestialz2@users.noreply.github.com>
Date:   Thu Jan 21 18:09:33 2021 -0600

    update

 Makefile      |   2 +-
 the_story.txt | 257 ----------------------------------------------------------
 2 files changed, 1 insertion(+), 258 deletions(-)

commit f71747c5472345885a7469730b877fc67707775e
Author: Jim Yang <76235469+Celestialz2@users.noreply.github.com>
Date:   Thu Jan 21 18:04:22 2021 -0600

    added jydz9

 Makefile | 2 ++
 1 file changed, 2 insertions(+)

commit bb61d5d26d602dcda7fe63ab8dbfe7f3bf14488e
Author: Jim Yang <76235469+Celestialz2@users.noreply.github.com>
Date:   Thu Jan 21 18:01:21 2021 -0600

    updated story.c

 story.c | 5 +++++
 1 file changed, 5 insertions(+)

commit 1854da069d59793d6fe6d68404a90563e7210f20
Author: Jim Yang <76235469+Celestialz2@users.noreply.github.com>
Date:   Thu Jan 21 17:57:02 2021 -0600

    added the functions

 sentences/_HEADERS.h | 3 +++
 1 file changed, 3 insertions(+)

commit dab2628850b0144406f316833ecd6646bb58dd6a
Author: Jim Yang <76235469+Celestialz2@users.noreply.github.com>
Date:   Thu Jan 21 17:43:49 2021 -0600

    Continue story

 sentences/jydz9.c | 2 +-
 1 file changed, 1 insertion(+), 1 deletion(-)

commit d7dc3923030b749daf3c749750be404d8645dd57
Merge: 39571df 4fbea0b
Author: Jim Yang <76235469+Celestialz2@users.noreply.github.com>
Date:   Thu Jan 21 17:40:23 2021 -0600

    Merge branch 'master' of https://github.com/MUSoftwareEngineering/GitMagic

commit 39571dfcecd26d9e740d7aebb2d88b7f647e5e60
Author: Jim Yang <76235469+Celestialz2@users.noreply.github.com>
Date:   Thu Jan 21 17:39:14 2021 -0600

    added two sentences

 sentences/jydz9.c | 15 +++++++++++++++
 1 file changed, 15 insertions(+)

commit 4fbea0beda735bfbad8476d7df388a8027210626
Merge: 8ff4063 2157cea
Author: Jack Akers <jackakers13@gmail.com>
Date:   Thu Jan 21 17:38:24 2021 -0600

    Merge pull request #29 from MUSoftwareEngineering/jdapm8
    
    jdapm8

commit 2157ceaa23e982acc38616496e6f22f535227c49
Merge: 70a9fe2 8ff4063
Author: Jack Akers <jackakers13@gmail.com>
Date:   Thu Jan 21 17:35:01 2021 -0600

    Merge branch 'master' of https://github.com/MUSoftwareEngineering/GitMagic into jdapm8

commit 8ff40635c02533e838ca57ea24878cff10fb70f6
Merge: 9eb895a e25d8ae
Author: Sean P. Goggins <s@goggins.com>
Date:   Thu Jan 21 17:23:33 2021 -0600

    Merge pull request #28 from MUSoftwareEngineering/jas8dz
    
    Merge pull request #27 from MUSoftwareEngineering/master

commit e25d8ae29b983ecdaeb256c2202b7b44b66a7c7b
Merge: 07bed12 9eb895a
Author: Sean P. Goggins <s@goggins.com>
Date:   Thu Jan 21 17:20:32 2021 -0600

    Merge pull request #27 from MUSoftwareEngineering/master
    
    Updating jas8dz branch with master.

commit 70a9fe2f79cb949343fbb0e355bcdf9680f03817
Author: Jack Akers <jackakers13@gmail.com>
Date:   Thu Jan 21 10:48:16 2021 -0600

    Added jdapm8's sentences

 Makefile             | 437 ++++++++++++++++++++++++++-------------------------
 sentences/_HEADERS.h | 294 +++++++++++++++++-----------------
 sentences/jdapm8.c   |  11 ++
 story.c              | 424 ++++++++++++++++++++++++-------------------------
 4 files changed, 593 insertions(+), 573 deletions(-)

commit 9eb895a565c75c98594f509b34c97ec896b83223
Author: Daniel Marin <dmqnr@umsystem.edu>
Date:   Wed Jan 20 23:17:10 2021 -0600

    merged my branch to master

 Makefile             |   4 +-
 sentences/_HEADERS.h |   3 +
 sentences/dmqnr.c    |  14 +++
 story.c              |   5 +
 the_story.txt        | 257 +++++++++++++++++++++++++++++++++++++++++++++++++++
 5 files changed, 282 insertions(+), 1 deletion(-)

commit 8b31fe9594f35f2ebe36b72b6d6f25d862a25f9a
Author: Ian Miller <icmwx2@umsystem.edu>
Date:   Wed Jan 20 21:15:51 2021 -0600

    Update the_story.txt

 the_story.txt | 236 ----------------------------------------------------------
 1 file changed, 236 deletions(-)

commit 07bed123088557b20529f627b45e2e5645147870
Author: Jamal Saied <jsaied99@gmail.com>
Date:   Wed Jan 20 20:22:53 2021 -0600

    fixing someone else code

 sentences/ojl8q7.c | 2 +-
 1 file changed, 1 insertion(+), 1 deletion(-)

commit 85b0018cbdbafe91b45b99ad8c18aac044691f50
Author: Jamal Saied <jsaied99@gmail.com>
Date:   Wed Jan 20 19:50:06 2021 -0600

    Adding soruce file and modifying Makefile and Header file

 Makefile             |  4 +++-
 sentences/_HEADERS.h |  3 +++
 sentences/jas8dz.c   | 14 ++++++++++++++
 story.c              |  7 +++++++
 4 files changed, 27 insertions(+), 1 deletion(-)

commit 6df2e178019b88706ad51bde09dc92648d971d84
Merge: e908013 35e833c
Author: Nick Tahan <ncth7t@mail.missouri.edu>
Date:   Wed Jan 20 19:10:17 2021 -0600

    Merge pull request #26 from MUSoftwareEngineering/ncth7t
    
    Ncth7t

commit 35e833c87846dfa51df8af93a6a40b579113ef74
Merge: 35d4a40 e908013
Author: Nick Tahan <ncth7t@mail.missouri.edu>
Date:   Wed Jan 20 19:09:45 2021 -0600

    Merge branch 'master' into ncth7t

commit e90801378f512dede46f9c98bb7f00624fbf7b9f
Author: Olivia LaVal <oj.laval@gmailcom>
Date:   Wed Jan 20 19:01:02 2021 -0600

    Added ojl8q7's sentences

 Makefile             | 15 +++++++++------
 sentences/_HEADERS.h |  3 +++
 sentences/ojl8q7.c   | 11 +++++++++++
 story.c              |  3 ++-
 4 files changed, 25 insertions(+), 7 deletions(-)

commit 50142f7c2e34e34d37c2c3640698fe9be5a6891b
Merge: 10ca28f cc7a4eb
Author: ianmiller314 <77706997+ianmiller314@users.noreply.github.com>
Date:   Wed Jan 20 17:57:15 2021 -0600

    Merge pull request #25 from MUSoftwareEngineering/icmwx2
    
    Add ICMWX2 Sentences

commit cc7a4ebed6df758e94c3539e75ead2ed21368ca3
Author: IanMiller314 <ianmiller5273@gmail.com>
Date:   Wed Jan 20 17:56:47 2021 -0600

    Add ICMWX2 Sentences
    
    Add necessary parts to makefile
    Add header information
    Add sentence functions
    Call sentence functions in story.c

 Makefile             |  5 ++++-
 sentences/_HEADERS.h |  3 +++
 sentences/icmwx2.c   | 11 +++++++++++
 story.c              |  6 ++++++
 4 files changed, 24 insertions(+), 1 deletion(-)

commit 10ca28f824238a5b51fa710d39308b7f4b023830
Merge: dc84da7 4263d41
Author: Tyler <tmh9gv@umsystem.edu>
Date:   Wed Jan 20 17:46:14 2021 -0600

    commit after pull.

commit 4263d4142bc66d25df6b43dc92f1c5a2362d6e8d
Author: Michael Navazhylau <mankbf@umsystem.edu>
Date:   Wed Jan 20 17:34:42 2021 -0600

    Merged in Master

 Makefile             |   8 +-
 sentences/_HEADERS.h |   5 +-
 the_story.txt        | 233 +++++++++++++++++++++++++++++++++++++++++++++++++++
 3 files changed, 237 insertions(+), 9 deletions(-)

commit 7f14fd8301d9424957fa7871d95dcb541a902cc7
Merge: 9734d0b 09960eb
Author: Michael Navazhylau <mankbf@umsystem.edu>
Date:   Wed Jan 20 17:32:29 2021 -0600

    fixed merge conflict

commit 9734d0b4f27bfcd2c3ca2a4964cd2302bd4d2596
Author: Michael Navazhylau <mankbf@umsystem.edu>
Date:   Wed Jan 20 17:28:28 2021 -0600

    Modified the story file

 the_story.txt | 2 ++
 1 file changed, 2 insertions(+)

commit 0a5264a486dc12b3bb7695e843080347e1d41b2b
Merge: f3754b8 015aef9
Author: Michael Navazhylau <mankbf@umsystem.edu>
Date:   Wed Jan 20 16:58:17 2021 -0600

    Merge branch 'master' of github.com:MUSoftwareEngineering/GitMagic

commit 09960eb24cd9ef396776e5cf1c317da01d3384ca
Author: Nate Beattie <natebeattie@gmail.com>
Date:   Wed Jan 20 16:20:09 2021 -0600

    added my two sentences

 Makefile             | 8 +++++---
 sentences/_HEADERS.h | 3 +++
 sentences/npb383.c   | 8 +++++++-
 story.c              | 5 ++++-
 the_story.txt        | 6 ++++++
 5 files changed, 25 insertions(+), 5 deletions(-)

commit f56d8f9c61a891a7542c6675088207214b839aa7
Author: Nate Beattie <natebeattie@gmail.com>
Date:   Wed Jan 20 15:48:33 2021 -0600

    Update from master

 Makefile           | 2 +-
 sentences/npb383.c | 6 ++++++
 the_story.txt      | 2 ++
 3 files changed, 9 insertions(+), 1 deletion(-)

commit 35d4a403e17c5f2aa91de7426322c7e15885a6b4
Author: Nick Tahan <ncth7t@mail.missouri.edu>
Date:   Wed Jan 20 15:38:36 2021 -0600

    Update Makefile

 Makefile | 5 ++++-
 1 file changed, 4 insertions(+), 1 deletion(-)

commit fe6935d75d588028b8b2ccd7182a66c418912f55
Author: Nick Tahan <ncth7t@mail.missouri.edu>
Date:   Wed Jan 20 15:37:17 2021 -0600

    Fixed some bugs and added to the story

 sentences/_HEADERS.h |  3 +++
 sentences/ncth7t.c   | 11 +++++++++++
 story.c              |  3 ++-
 3 files changed, 16 insertions(+), 1 deletion(-)

commit dc84da7275662ed2e1fa0a5890269128646f23d6
Merge: c94ecce 015aef9
Author: Tyler <tmh9gv@umsystem.edu>
Date:   Wed Jan 20 15:08:21 2021 -0600

    commit after pulling updated version.

commit c94ecce270920a3f96846e9784d46535dc9e3ab3
Author: Tyler <tmh9gv@umsystem.edu>
Date:   Wed Jan 20 15:02:10 2021 -0600

    added my addition to the story.

 Makefile             |   5 +-
 sentences/_HEADERS.h |   3 +
 sentences/tmh9gv.c   |  13 +++
 story.c              |   4 +
 the_story.txt        | 221 ---------------------------------------------------
 5 files changed, 24 insertions(+), 222 deletions(-)

commit 015aef99b59c3f0181d7ec7f9524621a67fbd725
Author: Sean P. Goggins <s@goggins.com>
Date:   Wed Jan 20 14:54:33 2021 -0600

    fixed make by removing missing sentences

 story.c | 3 ---
 1 file changed, 3 deletions(-)

commit 61b3ae9020822907389a5a90c2ff5152f7eb7946
Author: Sean P. Goggins <s@goggins.com>
Date:   Wed Jan 20 14:48:47 2021 -0600

    the story

 the_story.txt | 4 ----
 1 file changed, 4 deletions(-)

commit 1cac10d7a6e10961fb924f740c45072cf69165db
Author: Sean P. Goggins <s@goggins.com>
Date:   Wed Jan 20 14:47:41 2021 -0600

    updated GitMagic Link.

 Github exercise_1.docx | Bin 133730 -> 22821 bytes
 Github exercise_1.pdf  | Bin 117575 -> 182155 bytes
 2 files changed, 0 insertions(+), 0 deletions(-)

commit f3754b810db1d985f2989d5a02e1338f3ac90276
Author: Michael Navazhylau <mankbf@umsystem.edu>
Date:   Tue Jan 19 18:55:59 2021 -0600

    Added mankbf sentences to the story

 Makefile             |  5 ++++-
 sentences/_HEADERS.h |  4 ++++
 sentences/mankbf.c   | 14 ++++++++++++++
 story.c              |  5 +++++
 the_story.txt        |  8 ++++++++
 5 files changed, 35 insertions(+), 1 deletion(-)

commit ecaca47309ef47067ecc4aa93de3d48cc1d0e939
Author: Michael Navazhylau <mankbf@umsystem.edu>
Date:   Tue Jan 19 18:44:43 2021 -0600

    Fixed jawgrd's part of the story

 Makefile | 8 ++++----
 1 file changed, 4 insertions(+), 4 deletions(-)

commit b072a4aaa9fabfa07508378afaa696c3223f6ea3
Author: Josh Ward <Joshwa97@gmail.com>
Date:   Fri Sep 4 14:14:39 2020 -0500

    Added my part to the story.

 Makefile             |  3 +++
 sentences/_HEADERS.h |  3 +++
 sentences/jawgrd.c   | 16 ++++++++++++++++
 story.c              |  5 ++++-
 the_story.txt        | 10 ++++++++++
 5 files changed, 36 insertions(+), 1 deletion(-)

commit aa828d154155400118840b4c199d938b30e7d4a8
Merge: 0fbe37f af6de93
Author: Brenna McGrail <bmmrmx@umsystem.edu>
Date:   Sat Aug 29 22:03:11 2020 -0500

    update test story

commit 0fbe37f334d105b2570bbdcfa5ec224435aa6982
Author: Brenna McGrail <bmmrmx@umsystem.edu>
Date:   Sat Aug 29 22:01:45 2020 -0500

    update test story

 the_story.txt | 6 ++++++
 1 file changed, 6 insertions(+)

commit af6de932b978e4fa87b528da76f42b767a4038ab
Merge: e964936 c714998
Author: Nathan Shepherd <nszwq@umsystem.edu>
Date:   Sat Aug 29 22:01:41 2020 -0500

    Merge branch 'master' of https://github.com/MUSoftwareEngineering/GitMagic into master

commit e964936348589a4c2ec74e0c74a214a21d0e5372
Author: Nathan Shepherd <nszwq@umsystem.edu>
Date:   Sat Aug 29 21:58:39 2020 -0500

    story update

 the_story.txt | 211 ++++++++++++++++++++++++++++++++++++++++++++++++++++++++++
 1 file changed, 211 insertions(+)

commit 8ca2db17b2218f5d5ad85fa2645cff189f4bc093
Merge: f5cc7a0 cb76af3
Author: Nathan Shepherd <nszwq@umsystem.edu>
Date:   Sat Aug 29 21:58:00 2020 -0500

    Merge branch 'nszwq' into master

commit f5cc7a08919291302190413919d4c741f4ff9f64
Author: Nathan Shepherd <nszwq@umsystem.edu>
Date:   Sat Aug 29 21:50:25 2020 -0500

    error in the makefile prevented building

 Makefile      |   7 +-
 the_story.txt | 410 +++++++++++++++++++++++++++++-----------------------------
 2 files changed, 206 insertions(+), 211 deletions(-)

commit c714998b24940bc93f06e6ea92bc0451388b406e
Author: Brenna McGrail <bmmrmx@umsystem.edu>
Date:   Sat Aug 29 21:45:27 2020 -0500

    add my sentences

 Makefile             | 12 ++++--------
 sentences/_HEADERS.h |  3 ++-
 sentences/bmmrmx.c   | 15 +++++++++++++++
 story.c              |  4 ++++
 4 files changed, 25 insertions(+), 9 deletions(-)

commit cb76af382a2926561b8c71ac064e3df2a7e27601
Author: Nathan Shepherd <nszwq@umsystem.edu>
Date:   Sat Aug 29 21:40:54 2020 -0500

    added in nszwq c files and addition to the story.c

 .gitignore           |   8 +-
 Makefile             | 245 ++++++++++++++++++++++++++-------------------------
 sentences/_HEADERS.h | 106 +++++++++++-----------
 sentences/dtanz8.c   |  30 +++----
 sentences/hkg8b.c    |  22 ++---
 sentences/huhmana.c  |  30 +++----
 sentences/jgt7cn.c   |  20 ++---
 sentences/jtnfx.c    |  20 ++---
 sentences/kpwcg2.c   |  28 +++---
 sentences/mbb5ym.c   |  36 ++++----
 sentences/nszwq.c    |  15 ++++
 sentences/partbr.c   |  36 ++++----
 sentences/pdokdf.c   |  28 +++---
 sentences/rysgpd.c   |  36 ++++----
 sentences/tcy8v6.c   |  30 +++----
 sentences/wld9b.c    |  28 +++---
 sentences/zasbdy.c   |  36 ++++----
 story.c              | 191 +++++++++++++++++++--------------------
 the_story.txt        | 226 ++++++++++++++++++++++++-----------------------
 19 files changed, 600 insertions(+), 571 deletions(-)

commit bf6281845fc1bf42d35b38d5a2a709bbdf901cff
Merge: 7908ccb 3368838
Author: Jack Marak <jackmarak99@gmail.com>
Date:   Sat Aug 29 20:09:00 2020 -0500

    Merge branch 'jlmg9m'

commit 336883880bd1da909926bc83c44d77c29b803666
Author: Jack Marak <jackmarak99@gmail.com>
Date:   Sat Aug 29 19:58:58 2020 -0500

    fixed capital letter

 Makefile      | 2 +-
 the_story.txt | 4 ++++
 2 files changed, 5 insertions(+), 1 deletion(-)

commit 49ebe89f824d7ad809151377903895c08067cd7e
Author: Jack <jackmarak99@gmail.com>
Date:   Sat Aug 29 19:52:13 2020 -0500

    first commit

 Makefile             |   5 ++++-
 sentences/.DS_Store  | Bin 6148 -> 8196 bytes
 sentences/_HEADERS.h |   3 +++
 sentences/ghstgf.c   |   8 ++++----
 sentences/jlmg9m.c   |  12 ++++++++++++
 story.c              |   3 +++
 the_story.txt        |   4 ++++
 7 files changed, 30 insertions(+), 5 deletions(-)

commit 7908ccb4b9ace84fbc374fbacd2f7bc851170b65
Author: Aaron Jones-Moriarity <aaron308254@gmail.com>
Date:   Sat Aug 29 19:35:56 2020 -0500

    awjkcc commit

 Makefile             |  5 ++++-
 sentences/_HEADERS.h |  2 ++
 sentences/awjkcc.c   | 17 +++++++++++++++++
 story.c              |  5 +++++
 the_story.txt        | 11 +++++++++++
 5 files changed, 39 insertions(+), 1 deletion(-)

commit fb925cda090c35e6a10e0e3d7739841a1d01f482
Author: Joseph <pikminzeldamarioguy@gmail.com>
Date:   Sat Aug 29 19:05:50 2020 -0500

    corrected changes to makefile

 Makefile | 2 +-
 1 file changed, 1 insertion(+), 1 deletion(-)

commit 9a8e8cebc984989808ec59809f46617567160588
Author: Joseph <pikminzeldamarioguy@gmail.com>
Date:   Sat Aug 29 19:01:14 2020 -0500

    Fixed signatures in my own file

 sentences/jlmygh.c | 4 ++--
 1 file changed, 2 insertions(+), 2 deletions(-)

commit 422ff42772ee1ffd54f52b900f04142b788ad21e
Author: Joseph <pikminzeldamarioguy@gmail.com>
Date:   Sat Aug 29 19:00:33 2020 -0500

    fixed signature in _HEADERS.h

 sentences/_HEADERS.h | 4 ++--
 1 file changed, 2 insertions(+), 2 deletions(-)

commit d5efd0c7b652fec7f3988ab664bc0ff389d942d9
Author: Joseph <pikminzeldamarioguy@gmail.com>
Date:   Sat Aug 29 18:59:18 2020 -0500

    Added connections to my sentences in shared files

 Makefile             | 4 ++++
 sentences/_HEADERS.h | 3 +++
 story.c              | 6 +++++-
 3 files changed, 12 insertions(+), 1 deletion(-)

commit 6e9883234900155f98cd583088c72062822911b4
Author: Joseph <pikminzeldamarioguy@gmail.com>
Date:   Sat Aug 29 18:53:24 2020 -0500

    Create jlmygh.c

 sentences/jlmygh.c | 13 +++++++++++++
 1 file changed, 13 insertions(+)

commit 5fea304ad3090a45a464c90af8085c74c7f0072d
Author: Evan M Gerstner <emgd9h@clark-r630-login-node907.cobalt.lan>
Date:   Sat Aug 29 18:32:42 2020 -0500

    emgd9h added my sentences

 Makefile             |  5 ++++-
 sentences/_HEADERS.h |  5 +++++
 sentences/emgd9h.c   | 16 ++++++++++++++++
 story.c              |  7 +++++++
 the_story.txt        |  6 ++++++
 5 files changed, 38 insertions(+), 1 deletion(-)

commit e87aac51ffb153db316b3ffd5f013c38771520f8
Author: Jonathan Sapenaro <jmszq6@umsystem.edu>
Date:   Sat Aug 29 17:59:09 2020 -0500

    Added jmszq6 2 sentences

 Makefile             |  5 ++++-
 sentences/_HEADERS.h |  3 +++
 sentences/jmszq6.c   | 13 +++++++++++++
 story.c              |  5 +++++
 the_story.txt        |  6 ++++++
 5 files changed, 31 insertions(+), 1 deletion(-)

commit 4dc178e6b0de284e073d5e10889e9a0aba5d4e8f
Author: Mike Weiss <mjwcbc@umsystem.edu>
Date:   Sat Aug 29 17:19:48 2020 -0500

    added my sentences

 story.c       | 5 +++++
 the_story.txt | 6 ++++++
 2 files changed, 11 insertions(+)

commit b8d78931e00ed44ef48040799cbdb1c36a01b500
Merge: 26bd14e b8d97e1
Author: Sean P. Goggins <s@goggins.com>
Date:   Sat Aug 29 16:16:29 2020 -0500

    Merge pull request #23 from MUSoftwareEngineering/syyq8
    
    syyq8

commit 26bd14e4a74cee23942a0bff3d66f62303b22e1b
Author: Michael Boeding <michaeljboeding@gmail.com>
Date:   Sat Aug 29 16:08:41 2020 -0500

    Changed conflicts

 Makefile      |  5 ++++-
 the_story.txt | 19 +++++++++++++++++++
 2 files changed, 23 insertions(+), 1 deletion(-)

commit b8d97e1038045ca76bf5591ce619bcbf0631090d
Merge: 76627f8 fac3bd0
Author: ShuaipengYun <ysp19880722@gmail.com>
Date:   Sat Aug 29 16:01:21 2020 -0500

    Merge pull request #22 from MUSoftwareEngineering/master
    
    syyq8

commit 075e660cd47e805de1b823b7dad02e7cc64c87a7
Author: Michael Boeding <michaeljboeding@gmail.com>
Date:   Sat Aug 29 16:00:21 2020 -0500

    Completed sentences
    
    Added

 mjbn46.c             |  0
 sentences/_HEADERS.h |  4 ++++
 sentences/mjbn46.c   | 15 +++++++++++++++
 story.c              | 16 ++++++++++++++++
 4 files changed, 35 insertions(+)

commit fac3bd073b174989c92851a7f13f98a97ea9b78c
Merge: 76627f8 e705670
Author: Drew Patel <drew1patel@gmail.com>
Date:   Sat Aug 29 15:41:57 2020 -0500

    Merge pull request #21 from MUSoftwareEngineering/origin/dpp6bk
    
    Added my part of the story

commit e705670844cf4734384955fb0a853a382ab06a90
Author: Drew Patel <drew1patel@gmail.com>
Date:   Sat Aug 29 15:41:04 2020 -0500

    Added my part of the story

 Makefile             |  5 ++++-
 sentences/_HEADERS.h |  5 ++---
 sentences/dpp6bk.c   | 13 +++++++++++++
 story.c              | 46 +++++++++++++---------------------------------
 the_story.txt        | 40 ++++------------------------------------
 5 files changed, 36 insertions(+), 73 deletions(-)

commit 76627f865e07ff5d491132daa6631a44187a7b7e
Author: Goggins, Sean Patrick <s@goggins.com>
Date:   Sat Aug 29 14:58:15 2020 -0500

    fix

 Makefile | 2 +-
 1 file changed, 1 insertion(+), 1 deletion(-)

commit e2ff6a88a34962977b58816f797fee73cfcdafed
Merge: d8a6c92 6a09ef6
Author: Xiao Zhang <66393933+Sharionku@users.noreply.github.com>
Date:   Sat Aug 29 14:56:02 2020 -0500

    Merge pull request #19 from MUSoftwareEngineering/xz9rc
    
    story lines added from xz

commit 6a09ef601d894eec759f943475d4b25773bcaf2a
Merge: b972092 d8a6c92
Author: Xiao Zhang <66393933+Sharionku@users.noreply.github.com>
Date:   Sat Aug 29 14:55:47 2020 -0500

    Merge branch 'master' into xz9rc

commit d8a6c92500fd491ea0339d51061ced5a8842bc8b
Author: Goggins, Sean Patrick <s@goggins.com>
Date:   Sat Aug 29 14:01:19 2020 -0500

    test

 Makefile           | 12 +++++++-----
 sentences/ktmcbk.c |  6 +++---
 sentences/malkrc.c |  2 +-
 3 files changed, 11 insertions(+), 9 deletions(-)

commit ef1dd0e5f80e980ed2eacc2f4d54ae5a2096f6f4
Author: Goggins, Sean Patrick <s@goggins.com>
Date:   Sat Aug 29 13:43:28 2020 -0500

    updates

 sentences/ktmcbk.c | 4 ++--
 story.c            | 7 +++----
 2 files changed, 5 insertions(+), 6 deletions(-)

commit d833151e79b7b1d2b4c71f89fcba92eb0f0d5eba
Merge: 54686bc 3042522
Author: Keaton <ktmcbk@umsystem.edu>
Date:   Sat Aug 29 13:12:43 2020 -0500

    Merge branch 'master' of github.com:MUSoftwareEngineering/GitMagic into master

commit 54686bc93b3f578c9fd50c29ad017d223f8b7c14
Merge: ec6a228 e4d42af
Author: Keaton <ktmcbk@umsystem.edu>
Date:   Sat Aug 29 13:12:27 2020 -0500

    fix more mergeing conflicts

commit 304252256dd98e5b387119170c3fedffce5c00eb
Author: Ethan Woodrum <ejw3md@mail.missouri.edu>
Date:   Sat Aug 29 13:09:56 2020 -0500

    ejw3md commit

 Makefile             |  5 ++++-
 sentences/_HEADERS.h |  3 +++
 sentences/ejw3md.c   | 15 +++++++++++++++
 story.c              |  5 +++++
 the_story.txt        |  6 ++++++
 5 files changed, 33 insertions(+), 1 deletion(-)

commit ec6a22839858d752a36bd276b54e2833d77af437
Merge: 445ebc2 e3c3ac2
Author: Keaton <ktmcbk@umsystem.edu>
Date:   Sat Aug 29 13:02:14 2020 -0500

    fix merge conflict

commit b97209276c64eb3ec7503718fcbef29b4785be3a
Author: Xiao Zhang <xz9rc@umsystem.edu>
Date:   Sat Aug 29 12:30:13 2020 -0500

    story lines added from xz

 .vscode/settings.json |  3 +++
 Makefile              |  3 +++
 sentences/_HEADERS.h  |  3 +++
 sentences/xz9rc.c     | 15 +++++++++++++++
 story.c               |  5 +++++
 the_story.txt         | 19 ++++++++++++-------
 6 files changed, 41 insertions(+), 7 deletions(-)

commit e4d42af56b574738fca1c5499c51296ec43e4a85
Merge: d49fe73 e3c3ac2
Author: Sarah Sherman <smebmm@umsystem.edu>
Date:   Sat Aug 29 07:35:24 2020 -0500

    Merge branch 'master' of https://github.com/MUSoftwareEngineering/GitMagic

commit e3c3ac2da086909f27c412ce22fce03fe3b9a818
Author: Tarek Elbendary <tarekelbendary22@gmail.com>
Date:   Fri Aug 28 19:54:07 2020 -0500

    taezkv merge

 Makefile             | 11 ++++++-----
 sentences/_HEADERS.h |  3 +++
 sentences/taezkv.c   | 18 ++++++++++++++++++
 story.c              |  4 ++++
 the_story.txt        |  3 +++
 5 files changed, 34 insertions(+), 5 deletions(-)

commit ffd467fb6865677e1b2905e4c654c246a4a9e020
Author: Hao Cheng <hcntb@mail.missouri.edu>
Date:   Fri Aug 28 17:13:52 2020 -0700

    delet file

 sentences/bpbkt7. | 0
 1 file changed, 0 insertions(+), 0 deletions(-)

commit 1f7e7ab3a8869ce4b3390f39a7009aa43b802afa
Merge: b20ec00 368ee2c
Author: Hao Cheng <hcntb@mail.missouri.edu>
Date:   Fri Aug 28 16:16:05 2020 -0700

    Merge branch 'master' of https://github.com/MUSoftwareEngineering/GitMagic

commit 368ee2cbfddc94dc142447545a96082512a017f5
Author: Mike Weiss <mjwcbc@umsystem.edu>
Date:   Fri Aug 28 18:07:25 2020 -0500

    Update Makefile

 Makefile | 2 +-
 1 file changed, 1 insertion(+), 1 deletion(-)

commit 83d78eaf912ae79918039261bb03f43dbcfaf732
Author: Mike Weiss <mjwcbc@umsystem.edu>
Date:   Fri Aug 28 18:02:48 2020 -0500

    Update Makefile

 Makefile | 5 ++++-
 1 file changed, 4 insertions(+), 1 deletion(-)

commit b20ec008d69af51401d0d2687cdfd26bc486ed71
Merge: 645ed27 0b7ce8d
Author: Hao Cheng <hcntb@mail.missouri.edu>
Date:   Fri Aug 28 15:59:13 2020 -0700

    Merge branch 'master' of https://github.com/MUSoftwareEngineering/GitMagic

commit 645ed27a8c3bbfb8af0bf5ed4a67c9d19523ef24
Author: Hao Cheng <hcntb@mail.missouri.edu>
Date:   Fri Aug 28 15:51:42 2020 -0700

    hcntb

 Makefile             |  5 ++++-
 sentences/_HEADERS.h |  3 +++
 sentences/bpbkt7.    |  0
 sentences/hcntb.c    | 11 +++++++++++
 story.c              |  6 +++++-
 the_story.txt        | 33 +++++++++++++++++++++++++++++----
 6 files changed, 52 insertions(+), 6 deletions(-)

commit 0b7ce8d111ac177d09e4e55a32e69836b7c77877
Author: Mike Weiss <mjwcbc@umsystem.edu>
Date:   Fri Aug 28 17:47:42 2020 -0500

    Delete master_*mjwcbc*.log**

 master_*mjwcbc*.log** | 871 --------------------------------------------------
 1 file changed, 871 deletions(-)

commit 445ebc2789762d5f3fc68f99f4dbde8a080c30ec
Merge: 71347f8 52ed886
Author: Keaton <ktmcbk@umsystem.edu>
Date:   Fri Aug 28 16:55:04 2020 -0500

    Fix merge conflicts

commit 71347f8542e82dc6303ca2fc681e2859dd9478c0
Author: Keaton <ktmcbk@umsystem.edu>
Date:   Fri Aug 28 16:40:18 2020 -0500

    add ktmcbk

 Makefile             |  4 +++-
 sentences/_HEADERS.h |  3 +++
 sentences/ktmcbk.c   | 15 +++++++++++++++
 story.c              |  4 ++--
 the_story.txt        | 31 +++++++++++++++++++++++++++----
 5 files changed, 50 insertions(+), 7 deletions(-)

commit 52ed886d64f7f1973e71224bbb9722c1b72176d7
Author: Mike Weiss <mjwcbc@umsystem.edu>
Date:   Fri Aug 28 16:36:31 2020 -0500

    Create master_*mjwcbc*.log**

 master_*mjwcbc*.log** | 871 ++++++++++++++++++++++++++++++++++++++++++++++++++
 1 file changed, 871 insertions(+)

commit 6445e12778e5171529a12a115ac70c0d7d804726
Author: Mike Weiss <mjwcbc@umsystem.edu>
Date:   Fri Aug 28 16:31:43 2020 -0500

    Update the_story.txt

 the_story.txt | 33 +++++++++++++++++++++++++++++----
 1 file changed, 29 insertions(+), 4 deletions(-)

commit 2bfea4a619665f3b193db5baca94cfe058b8aff8
Author: Mike Weiss <mjwcbc@umsystem.edu>
Date:   Fri Aug 28 16:31:41 2020 -0500

    Update story.c

 story.c | 7 ++++++-
 1 file changed, 6 insertions(+), 1 deletion(-)

commit d409175417f965d442c2d206218010a4d5026158
Author: Mike Weiss <mjwcbc@umsystem.edu>
Date:   Fri Aug 28 16:31:39 2020 -0500

    Create mjwcbc.c

 sentences/mjwcbc.c | 11 +++++++++++
 1 file changed, 11 insertions(+)

commit 41977affe3d23529c9084da920a2ead898ffc3fb
Author: Mike Weiss <mjwcbc@umsystem.edu>
Date:   Fri Aug 28 16:31:37 2020 -0500

    Update _HEADERS.h

 sentences/_HEADERS.h | 3 +++
 1 file changed, 3 insertions(+)

commit d49fe73e04c26c7b9e8bcb822020728fb8c129a4
Author: Sarah Sherman <smebmm@umsystem.edu>
Date:   Fri Aug 28 15:35:37 2020 -0500

    Smebmm added

 Makefile             |  5 ++++-
 sentences/_HEADERS.h |  2 ++
 sentences/smebmm.c   | 14 ++++++++++++++
 story.c              |  4 ++++
 the_story.txt        | 33 +++++++++++++++++++++++++++++----
 5 files changed, 53 insertions(+), 5 deletions(-)

commit 29485142e6a0adb1b3d05481f1144a999872e302
Author: George (Hank) Stafford <ghstgf@umsystem.edu>
Date:   Fri Aug 28 15:09:39 2020 -0500

    fixing mistakes

 Makefile             | 14 ++++----------
 sentences/_HEADERS.h |  4 +---
 story.c              |  3 ---
 3 files changed, 5 insertions(+), 16 deletions(-)

commit 92aa5f681d73763de63fcb32101217f35eb3179c
Merge: 447a76b 8b65448
Author: George (Hank) Stafford <ghstgf@umsystem.edu>
Date:   Fri Aug 28 14:54:40 2020 -0500

    Merge branch 'test' of https://github.com/musoftwareengineering/GitMagic into test

commit 447a76b8fc013dde4fc2d93de1f18784dd9568e1
Merge: 5d20c81 73c18b6
Author: George (Hank) Stafford <ghstgf@umsystem.edu>
Date:   Fri Aug 28 14:49:29 2020 -0500

    Added Ghstgf's part of the story

commit 5d20c8156535b5267d247127ae8db7ee582e7341
Author: George (Hank) Stafford <ghstgf@umsystem.edu>
Date:   Fri Aug 28 14:40:15 2020 -0500

    Added Ghstgf's part of the story

 Makefile                |   7 +++++--
 sentences/.zasbdy.c.swp | Bin 0 -> 12288 bytes
 sentences/_HEADERS.h    |   3 +++
 sentences/ghstgf.c      |  12 ++++++++++++
 story.c                 |   3 +++
 the_story.txt           |   5 +++++
 6 files changed, 28 insertions(+), 2 deletions(-)

commit 73c18b600d538b52ee15458bccad95214397823b
Merge: d369691 a635294
Author: Max Loduca <malkrc@mail.missouri.edu>
Date:   Fri Aug 28 14:22:56 2020 -0500

    Merge branch 'master' of https://github.com/MUSoftwareEngineering/GitMagic into master

commit d369691575355283f904932aef0ef71d01c90ef6
Merge: 409799e b7ebc51
Author: Max Loduca <malkrc@mail.missouri.edu>
Date:   Fri Aug 28 14:17:37 2020 -0500

    fixed merge conflicts

commit a6352945cff08eb9889f194102f05c988968f8fc
Merge: b7ebc51 6ee2b41
Author: Sean P. Goggins <s@goggins.com>
Date:   Fri Aug 28 14:12:32 2020 -0500

    Merge pull request #18 from arsalanafsarali/master
    
    Create aaa8dr.c

commit b7ebc519b9f97c35f96d3371026d18d6a94c63f5
Merge: 0cc61a0 bde2692
Author: Sean P. Goggins <s@goggins.com>
Date:   Fri Aug 28 14:02:51 2020 -0500

    Merge pull request #17 from arsalanafsarali/aaa8dr2
    
    Merge pull request #1 from MUSoftwareEngineering/master

commit bde2692141b096b57b099aba3e4a2c7354941a26
Merge: 5f63303 0cc61a0
Author: arsalanafsarali <61485078+arsalanafsarali@users.noreply.github.com>
Date:   Fri Aug 28 14:01:30 2020 -0500

    Merge pull request #1 from MUSoftwareEngineering/master
    
    update your branch.

commit 0cc61a0b6fe3f78b25310edda71a8ae77b9d86e1
Merge: 8902a64 1f224f8
Author: Conrad Bucholtz <epikconrad@gmail.com>
Date:   Fri Aug 28 13:53:10 2020 -0500

    Merge pull request #16 from MUSoftwareEngineering/cjbb5f
    
    Added cjbb5f

commit 1f224f8db3daec5593342c598cdff3374ccc9d59
Author: Conrad Bucholtz <cjbb5f@mail.missouri.edu>
Date:   Fri Aug 28 13:52:17 2020 -0500

    Added cjbb5f

 Makefile                                           |   5 +-
 nbproject/configurations.xml                       | 111 ++++++++++++++++
 .../private/CodeAssistancePathMapper.properties    |   1 +
 nbproject/private/Default-build.log                |  20 +++
 nbproject/private/Default-exec.log                 | 139 +++++++++++++++++++++
 nbproject/private/Default.properties               |  19 +++
 nbproject/private/c_standard_headers_indexer.c     |  75 +++++++++++
 nbproject/private/configurations.xml               |  79 ++++++++++++
 nbproject/private/cpp_standard_headers_indexer.cpp | 135 ++++++++++++++++++++
 nbproject/private/launcher.properties              |  42 +++++++
 nbproject/private/private.xml                      |  19 +++
 nbproject/private/tools/localhost/Cygwin/g++.exe   | Bin 0 -> 15872 bytes
 nbproject/private/tools/localhost/Cygwin/gcc.exe   | Bin 0 -> 15872 bytes
 nbproject/project.xml                              |  26 ++++
 sentences/_HEADERS.h                               |   3 +
 sentences/cjbb5f.c                                 |  16 +++
 story.c                                            |   6 +-
 17 files changed, 694 insertions(+), 2 deletions(-)

commit 8b654482179496fc8e750d8d32e2e0cd85bfcba6
Merge: 49ad6ce 8902a64
Author: Sean P. Goggins <s@goggins.com>
Date:   Fri Aug 28 13:42:06 2020 -0500

    Merge pull request #14 from MUSoftwareEngineering/master
    
    Update Hank's 'Test' branch with latest from master.

commit 8902a64664b23fd45842f651b9dbae5891ab120b
Merge: 15e52f0 0984af4
Author: Conrad Bucholtz <epikconrad@gmail.com>
Date:   Fri Aug 28 13:40:06 2020 -0500

    Merge pull request #13 from MUSoftwareEngineering/cjbb5f
    
    Merge cjbb5f into master

commit 0984af4e145483b3e0e98f1889d0976ab644b4ad
Merge: 56a4bdd 15e52f0
Author: Conrad Bucholtz <epikconrad@gmail.com>
Date:   Fri Aug 28 13:39:22 2020 -0500

    Merge pull request #12 from MUSoftwareEngineering/master
    
    Added cjbb5f sentences

commit 15e52f0793f43ad6c092675298699c6d5fac1727
Merge: 56a4bdd eab9ee4
Author: Sean P. Goggins <s@goggins.com>
Date:   Fri Aug 28 13:35:34 2020 -0500

    Merge pull request #11 from MUSoftwareEngineering/jkmx5v
    
    Jkmx5v

commit eab9ee4d987ef3065122b217a132443e5b528d3a
Author: John McGinness <28362836a@gmail.com>
Date:   Fri Aug 28 13:32:04 2020 -0500

    finalized merge confilct

 story.c | 19 +++++++++----------
 1 file changed, 9 insertions(+), 10 deletions(-)

commit 8d735085ec9db02ce0ddb16d5bd6c070ae111501
Merge: c5a05ab 56a4bdd
Author: John McGinness <28362836a@gmail.com>
Date:   Fri Aug 28 13:27:50 2020 -0500

    Merge branch 'master' of https://github.com/musoftwareengineering/GitMagic into jkmx5v
    
    Merged Master into JKMX5v

commit 56a4bddf2ef7cf15d363b96887fdbd3e617a4b9f
Merge: eb158f3 5f63303
Author: arsalanafsarali <61485078+arsalanafsarali@users.noreply.github.com>
Date:   Fri Aug 28 13:17:45 2020 -0500

    Merge pull request #10 from arsalanafsarali/aaa8dr2
    
    firstCom

commit 5f6330356ff469815c3242b19f3aa5722b1976d0
Author: arsalan <arsalanali985@gmail.com>
Date:   Fri Aug 28 13:17:20 2020 -0500

    firstCom

 sentences/_HEADERS.h |  5 +++++
 sentences/aaa8dr2.c  | 10 ++++++++++
 2 files changed, 15 insertions(+)

commit eb158f3ef858d2c2a778097f43516c4717cb8856
Merge: 048d12e 3cc1bb5
Author: TheGorlox <44106936+TheGorlox@users.noreply.github.com>
Date:   Fri Aug 28 09:35:49 2020 -0500

    Merge pull request #8 from MUSoftwareEngineering/sawgzq
    
    added sawgzq sentances

commit 3cc1bb53e4005bb0004ecff20f8e7794ce296095
Author: Simon Welge <sawgzq@mail.missouri.edu>
Date:   Fri Aug 28 09:26:03 2020 -0500

    added sawgzq sentances

 Makefile             |  7 +++++--
 sentences/_HEADERS.h |  3 +++
 sentences/sawgzq.c   | 15 +++++++++++++++
 story.c              |  5 ++++-
 4 files changed, 27 insertions(+), 3 deletions(-)

commit 048d12e44c4890bc7eea2c4024f3c5d244b8e8c8
Merge: 9d2b095 30058e3
Author: Weiju Liu <liuweijufeng@gmail.com>
Date:   Thu Aug 27 16:51:38 2020 -0500

    Merge branch 'master' into wld9b

commit 9d2b095bfc4df81c2d50bb3d30c9503dd20ff0c7
Merge: e36638d e658ee9
Author: Weiju Liu <liuweijufeng@gmail.com>
Date:   Thu Aug 27 16:38:13 2020 -0500

    fix conlicf with master

commit e36638da58336c9a4a4d24a8621c5a5e0aa54522
Author: Weiju Liu <liuweijufeng@gmail.com>
Date:   Thu Aug 27 16:35:09 2020 -0500

    fix conflict

 sentences/_HEADERS.h |  6 +++---
 sentences/jtnfx.c    | 11 +++++++++++
 story.c              |  5 +++++
 3 files changed, 19 insertions(+), 3 deletions(-)

commit e658ee951c3c3a8cbc613bdf42068092bc17dc9c
Author: DarrenLiu <45053964+ntlnr@users.noreply.github.com>
Date:   Thu Aug 27 16:27:31 2020 -0500

    Update story.c

 story.c | 5 +++++
 1 file changed, 5 insertions(+)

commit 43bb9118843de4635c938cf29b11cb3e5e4dfe1b
Author: DarrenLiu <45053964+ntlnr@users.noreply.github.com>
Date:   Thu Aug 27 16:24:54 2020 -0500

    Update the_story.txt

 the_story.txt | 6 ++++++
 1 file changed, 6 insertions(+)

commit a21c824176e73c7dde2a2d57a16329f0904203c1
Author: DarrenLiu <45053964+ntlnr@users.noreply.github.com>
Date:   Thu Aug 27 16:22:46 2020 -0500

    Update Makefile

 Makefile | 8 ++++++--
 1 file changed, 6 insertions(+), 2 deletions(-)

commit ead7f213c149290a0c002cb89e125a992da9c56d
Author: DarrenLiu <45053964+ntlnr@users.noreply.github.com>
Date:   Thu Aug 27 16:19:40 2020 -0500

    fix conflict

 sentences/_HEADERS.h | 5 ++++-
 1 file changed, 4 insertions(+), 1 deletion(-)

commit c5a05abcc396919b1da8b22fa706cc49346658bc
Author: John McGinness <28362836a@gmail.com>
Date:   Thu Aug 27 16:14:53 2020 -0500

    Added jkmx5v sentences to the program

 Makefile             |  9 ++++++---
 sentences/_HEADERS.h |  3 +++
 sentences/jkmx5v.c   | 13 +++++++++++++
 story.c              | 15 ++++++++++-----
 4 files changed, 32 insertions(+), 8 deletions(-)

commit 30058e3d996926949c774c153afc6600c7f6d064
Author: Jingsong Tan <jtnfx@mail.missouri.edu>
Date:   Thu Aug 27 15:01:08 2020 -0500

    makefile conflict resolving

 Makefile      | 3 ++-
 the_story.txt | 1 +
 2 files changed, 3 insertions(+), 1 deletion(-)

commit f79ba707d0e44db5d4123bba026a8c16df635efd
Merge: 00d7819 2e32f0f
Author: JasonJOCKKY <jtnfx@mail.missouri.edu>
Date:   Thu Aug 27 14:58:45 2020 -0500

    Merge pull request #7 from MUSoftwareEngineering/jtnfx
    
    Jtnfx

commit 2e32f0f0b695243f4f9ccba59fa8e46b57724e3e
Merge: aff2f25 00d7819
Author: JasonJOCKKY <jasontanjingsong@gmail.com>
Date:   Thu Aug 27 14:58:31 2020 -0500

    Merge branch 'master' into jtnfx

commit 422774ba8e14136ce26e51771da0d2c81eb1cd67
Author: Weiju Liu <liuweijufeng@gmail.com>
Date:   Thu Aug 27 14:52:23 2020 -0500

    wld9b story added

 Makefile             |  5 ++++-
 sentences/_HEADERS.h |  5 ++++-
 sentences/wld9b.c    | 14 ++++++++++++++
 story.c              |  5 +++++
 the_story.txt        |  4 ++++
 5 files changed, 31 insertions(+), 2 deletions(-)

commit aff2f254537d7355e7b1622df90204d7a41314cb
Author: Jingsong Tan <jtnfx@mail.missouri.edu>
Date:   Thu Aug 27 14:51:36 2020 -0500

    story change

 sentences/jtnfx.c | 4 ++--
 the_story.txt     | 6 ++++--
 2 files changed, 6 insertions(+), 4 deletions(-)

commit 409799eb8ebb3d0851e51ea7855a6df4328518bf
Author: malkrc <malkrc@mail.missouri.edu>
Date:   Thu Aug 27 14:44:49 2020 -0500

    Moved sentences to final locations in story.c and changed placeholder text

 sentences/malkrc.c | 4 ++--
 story.c            | 9 ++++-----
 2 files changed, 6 insertions(+), 7 deletions(-)

commit 3a01a3346c9beabafb16312c9747b9a526f54866
Author: Jingsong Tan <jtnfx@mail.missouri.edu>
Date:   Thu Aug 27 14:31:30 2020 -0500

    make file dependencies

 Makefile      | 5 ++++-
 the_story.txt | 4 ++++
 2 files changed, 8 insertions(+), 1 deletion(-)

commit 9917f0f4a1392a092183d3343c1d908167fc31db
Author: Jingsong Tan <jtnfx@mail.missouri.edu>
Date:   Thu Aug 27 14:28:58 2020 -0500

    c file function calls

 sentences/_HEADERS.h | 5 ++---
 sentences/jtnfx.c    | 4 ++--
 story.c              | 5 +++++
 3 files changed, 9 insertions(+), 5 deletions(-)

commit 3f3a7712ca4269acf7b683a5ba119dae716dfa3a
Author: malkrc <malkrc@mail.missouri.edu>
Date:   Thu Aug 27 14:26:59 2020 -0500

    Modified Makefile to build with placeholder sentences.

 Makefile | 8 ++++++--
 1 file changed, 6 insertions(+), 2 deletions(-)

commit 59b67c251508efbd8886e124d4cc3cdd416e6524
Author: Jingsong Tan <jtnfx@mail.missouri.edu>
Date:   Thu Aug 27 14:22:05 2020 -0500

    create new C file

 sentences/_HEADERS.h |  6 +++++-
 sentences/jtnfx.c    | 11 +++++++++++
 2 files changed, 16 insertions(+), 1 deletion(-)

commit 59152572f781b090d9c7348e4454e16e4c125b86
Author: malkrc <malkrc@mail.missouri.edu>
Date:   Thu Aug 27 14:19:18 2020 -0500

    Added placeholder sentences to end of story.c

 story.c | 5 +++++
 1 file changed, 5 insertions(+)

commit 4013331318ec24375645d6f1e91586cfe5cb5b93
Author: malkrc <malkrc@mail.missouri.edu>
Date:   Thu Aug 27 14:15:25 2020 -0500

    Added functions to _HEADERS.h file

 sentences/_HEADERS.h | 5 ++++-
 1 file changed, 4 insertions(+), 1 deletion(-)

commit c1a34f9f92a9e0f2c60a5778b68f3c73d93102c3
Author: malkrc <malkrc@mail.missouri.edu>
Date:   Thu Aug 27 14:09:48 2020 -0500

    Created malkrc.c with placeholder text

 sentences/malkrc.c | 15 +++++++++++++++
 1 file changed, 15 insertions(+)

commit 00d7819bb615c6d18b864e0862d916a4952fba61
Author: Michael Branstetter <mbb5ym@umsystem.edu>
Date:   Thu Aug 27 13:58:05 2020 -0500

    mbb5ym commit

 Makefile             |  5 ++++-
 sentences/_HEADERS.h |  5 ++++-
 sentences/mbb5ym.c   | 18 ++++++++++++++++++
 story.c              |  5 +++++
 the_story.txt        |  7 +++++++
 5 files changed, 38 insertions(+), 2 deletions(-)

commit 1e364ffe4cd1a3afa18a69932cc52d51e3c59473
Merge: c0e8c3f 34bab74
Author: keegpwelch <61030334+keegpwelch@users.noreply.github.com>
Date:   Thu Aug 27 13:02:55 2020 -0500

    Merge pull request #6 from MUSoftwareEngineering/kpwcg2
    
    kpwcg2 exercise 1 commit, updated files to add my sentences to the story

commit 34bab74deaa8e5183a3b7c2acca91e08f0360683
Author: Keegan Welch <kpwcg2@umsystem.edu>
Date:   Thu Aug 27 13:00:46 2020 -0500

    kpwcg2 exercise 1 commit, updated files to add my sentences to the story

 Makefile             |  5 ++++-
 sentences/_HEADERS.h |  5 ++++-
 sentences/kpwcg2.c   | 15 +++++++++++++++
 story.c              |  4 ++++
 the_story.txt        |  7 +++++++
 5 files changed, 34 insertions(+), 2 deletions(-)

commit c0e8c3f1d2e5698fe86515aa93804f1073625a36
Author: Rouff <39799526+PatrickRouff@users.noreply.github.com>
Date:   Thu Aug 27 12:36:41 2020 -0500

    story lines added

 Makefile             |  5 ++++-
 sentences/_HEADERS.h |  3 +++
 sentences/partbr.c   | 18 ++++++++++++++++++
 story.c              |  5 +++++
 the_story.txt        |  6 ++++++
 5 files changed, 36 insertions(+), 1 deletion(-)

commit 49ad6ce6d8868ee31aa41b0e39182ffea3e2fd05
Author: rysgpd <rysgpd@mail.missouri.edu>
Date:   Thu Aug 27 11:36:29 2020 -0500

    commit to rysgpd branch

 Makefile             |  9 +++++----
 sentences/_HEADERS.h |  3 +++
 sentences/rysgpd.c   | 18 ++++++++++++++++++
 story.c              |  5 +++++
 the_story.txt        |  6 ++++++
 5 files changed, 37 insertions(+), 4 deletions(-)

commit 4b1b1cbffa0cc7b45c97f58b0031c44d60d654bd
Author: Paul Orton <pdokdf@umsystem.edu>
Date:   Thu Aug 27 10:32:00 2020 -0500

    Update the_story.txt

 the_story.txt | 6 ++++++
 1 file changed, 6 insertions(+)

commit 633b1d5b3d60e164f5b6ba24b5090392c0cc222b
Merge: 27319e5 ef38daf
Author: Paul Orton <pdokdf@umsystem.edu>
Date:   Thu Aug 27 10:31:45 2020 -0500

    Merge branch 'master' of https://github.com/MUSoftwareEngineering/GitMagic

commit 27319e5a8ab5cb4510e37326e39fd92eff841271
Author: Paul Orton <pdokdf@umsystem.edu>
Date:   Thu Aug 27 10:26:49 2020 -0500

    Change my second sentence

 sentences/pdokdf.c | 2 +-
 1 file changed, 1 insertion(+), 1 deletion(-)

commit ef38daf20d70515436a277c6cae2391c66f20670
Merge: 8073f36 31af4fa
Author: DrowziDrewzi <drewamsden@gmail.edu>
Date:   Thu Aug 27 10:24:23 2020 -0500

    Merge branch 'dtanz8'

commit 15dc689262f6e1c4a7c9f744e3058277e17a8387
Merge: 8073f36 57b2ef3
Author: Paul Orton <pdokdf@umsystem.edu>
Date:   Thu Aug 27 10:23:41 2020 -0500

    Add pdokdf's work

commit 31af4fa5015f70ffa9e0f9f3169d3202d9ccb3ca
Author: DrowziDrewzi <drewamsden@gmail.com>
Date:   Thu Aug 27 10:20:42 2020 -0500

    commit for dtanz8 branch sentences

 Makefile             |   6 ++++--
 bpbkt7.o             | Bin 980 -> 0 bytes
 lhn95.o              | Bin 1016 -> 0 bytes
 sentences/_HEADERS.h |   5 ++++-
 sentences/dtanz8.c   |  15 +++++++++++++++
 sn4fd.o              | Bin 1016 -> 0 bytes
 story.c              |  21 +++++++++++----------
 story.exe            | Bin 48113 -> 0 bytes
 story.o              | Bin 2156 -> 0 bytes
 tcy8v6.o             | Bin 1020 -> 0 bytes
 the_story.txt        |   7 +++++++
 zzd8h.o              | Bin 1016 -> 0 bytes
 12 files changed, 41 insertions(+), 13 deletions(-)

commit 57b2ef3cd4487be2c6fdcd299881adb30a0d03d9
Author: Paul Orton <pdokdf@umsystem.edu>
Date:   Thu Aug 27 10:18:01 2020 -0500

    add pdokdf's work

 Makefile             |  5 ++++-
 sentences/_HEADERS.h |  5 ++++-
 sentences/pdokdf.c   | 15 +++++++++++++++
 story.c              |  4 ++++
 4 files changed, 27 insertions(+), 2 deletions(-)

commit 8073f3686bddb12ea1d1174fbc8975c386ee2a91
Author: Huzaifa Khan <hkg8b@umsystem.edu>
Date:   Thu Aug 27 10:15:03 2020 -0500

    commiting again

 sentences/hkg8b.c | 4 ++--
 the_story.txt     | 4 ++--
 2 files changed, 4 insertions(+), 4 deletions(-)

commit 5391821b153c0624a3a057082a8141eec4dd8ceb
Merge: 39ad272 4c91dc7
Author: Huzaifa Khan <hkg8b@umsystem.edu>
Date:   Thu Aug 27 10:14:09 2020 -0500

    finished

commit 6ee2b4118672b362cfe415f8c58c66fa52a7492a
Author: Arsalan Afsar Ali <61485078+arsalanafsarali@users.noreply.github.com>
Date:   Thu Aug 27 10:08:04 2020 -0500

    Create aaa8dr.c

 sentences/aaa8dr.c | 11 +++++++++++
 1 file changed, 11 insertions(+)

commit 4c91dc78e2e199d1d402ae9e658b60c4c549500c
Author: James Tompkins <jgt7cn@umsystem.edu>
Date:   Thu Aug 27 08:39:40 2020 -0500

    Added jgt7cn sentences

 Makefile             |   8 +++++++-
 sentences/_HEADERS.h |   3 +++
 sentences/jgt7cn.c   |  11 +++++++++++
 story                | Bin 13308 -> 13412 bytes
 story.c              |   3 +++
 story.o              | Bin 2008 -> 2156 bytes
 the_story.txt        |   4 ++++
 7 files changed, 28 insertions(+), 1 deletion(-)

commit 027b859dd7436b3fc67b81e6253c26f1bbda8388
Merge: 99e624d 20a6faf
Author: Tiffany Young <tcy8v6@umsystem.edu>
Date:   Thu Aug 27 08:00:34 2020 -0500

    resolved merge conflicts

commit 20a6faf75c5e11543b4e0f9cb1b4b72330f9ddd3
Merge: 4dc808e ce7fe40
Author: Zachary S <pizzapants111@gmail.com>
Date:   Thu Aug 27 06:09:15 2020 -0500

    Merge branch 'zasbdy'

commit ce7fe4011f47b80be5c7745793da62abccb3eef6
Author: Zachary S <pizzapants111@gmail.com>
Date:   Thu Aug 27 06:01:00 2020 -0500

    Added story.exe to .gitignore for Windows builds

 .gitignore | 1 +
 1 file changed, 1 insertion(+)

commit 4dc808eb2de5766af966ecca549af0cccea431fb
Author: Andrew Huhman <andrewhuhman@gmail.com>
Date:   Thu Aug 27 05:59:19 2020 -0500

    first push

 huhmana.o     | Bin 0 -> 983 bytes
 story.exe     | Bin 0 -> 48113 bytes
 the_story.txt |   8 ++++++++
 3 files changed, 8 insertions(+)

commit 6aa2d1e50da9c56adcc3f368749687fd23a6ff99
Author: Andrew Huhman <andrewhuhman@gmail.com>
Date:   Thu Aug 27 04:42:05 2020 -0500

    first push

 Makefile | 7 +++++--
 1 file changed, 5 insertions(+), 2 deletions(-)

commit bb0f2ff3a53c478c12fc7cb3bf7376d95b1f8f5e
Author: Andrew Huhman <andrewhuhman@gmail.com>
Date:   Thu Aug 27 04:34:45 2020 -0500

    first push

 sentences/_HEADERS.h |   3 +++
 sentences/huhmana.c  |  15 +++++++++++++++
 story.c              |   7 ++++++-
 story.exe            | Bin 43655 -> 0 bytes
 story.o              | Bin 1485 -> 1654 bytes
 5 files changed, 24 insertions(+), 1 deletion(-)

commit 39ad2720ef03a539e3d091b8ec386ceb75dc9b41
Author: Huzaifa Khan <hkg8b@umsystem.edu>
Date:   Wed Aug 26 21:33:04 2020 -0500

    Assignment is finished

 Makefile             |  5 +++--
 sentences/_HEADERS.h |  3 +++
 sentences/hkg8b.c    | 11 +++++++++++
 story.c              |  5 ++++-
 the_story.txt        |  6 ++++++
 5 files changed, 27 insertions(+), 3 deletions(-)

commit 2ab3042d32cc08e187c434459fe630a0be007e96
Author: ghkkhan <huzaifakhan3339@gmail.com>
Date:   Wed Aug 26 21:14:31 2020 -0500

    delete object files... also test branch

 bpbkt7.o | Bin 929 -> 0 bytes
 lhn95.o  | Bin 972 -> 0 bytes
 sn4fd.o  | Bin 963 -> 0 bytes
 story.o  | Bin 1485 -> 0 bytes
 zzd8h.o  | Bin 967 -> 0 bytes
 5 files changed, 0 insertions(+), 0 deletions(-)

commit 99e624d68feb9efa9f5dcbd6283c4cbfbd7e5636
Author: Tiffany Young <tcy8v6@umsystem.edu>
Date:   Wed Aug 26 17:49:30 2020 -0500

    created functions, added sentences, adjusted makefile

 Makefile             |  21 +++++++++++++--------
 bpbkt7.o             | Bin 929 -> 980 bytes
 lhn95.o              | Bin 972 -> 1016 bytes
 sentences/_HEADERS.h |   3 +++
 sentences/tcy8v6.c   |  15 +++++++++++++++
 sn4fd.o              | Bin 963 -> 1016 bytes
 story                | Bin 0 -> 13076 bytes
 story.c              |   8 +++++++-
 story.o              | Bin 1485 -> 1628 bytes
 tcy8v6.o             | Bin 0 -> 1020 bytes
 the_story.txt        |   4 ++++
 zzd8h.o              | Bin 967 -> 1016 bytes
 12 files changed, 42 insertions(+), 9 deletions(-)

commit a51013887055cde2075c5b8f77eff7142397bced
Author: Zachary S <pizzapants111@gmail.com>
Date:   Wed Aug 26 15:32:40 2020 -0500

    Added zasbdySentence1 and zasbdySentence2

 Makefile             |  5 ++++-
 sentences/_HEADERS.h |  3 +++
 sentences/zasbdy.c   | 18 ++++++++++++++++++
 story.c              |  4 ++++
 the_story.txt        |  6 ++++++
 5 files changed, 35 insertions(+), 1 deletion(-)

commit 085ae2effa286bed1956d6cbeb74ff8603c2590b
Author: Zachary S <pizzapants111@gmail.com>
Date:   Wed Aug 26 15:30:01 2020 -0500

    Fixed Makefile
    In general, each rule in a Makefile should have only one definition that gives all of its dependencies.

 Makefile | 6 ++----
 1 file changed, 2 insertions(+), 4 deletions(-)

commit 7a8097ea3f2838c218f1384629b1432f4bbd525e
Author: Zachary S <pizzapants111@gmail.com>
Date:   Wed Aug 26 15:29:26 2020 -0500

    Added .gitignore file to prevent build artifacts being added to the repository

 .gitignore | 3 +++
 1 file changed, 3 insertions(+)

commit b605ab8b208cc0ceed62cb16208dd797076a726e
Author: Zachary S <pizzapants111@gmail.com>
Date:   Wed Aug 26 15:28:01 2020 -0500

    Removed build artifacts from repository.

 bpbkt7.o | Bin 929 -> 0 bytes
 lhn95.o  | Bin 972 -> 0 bytes
 sn4fd.o  | Bin 963 -> 0 bytes
 story.o  | Bin 1485 -> 0 bytes
 zzd8h.o  | Bin 967 -> 0 bytes
 5 files changed, 0 insertions(+), 0 deletions(-)

commit 2e1a1c02ed7db75284718f12f5154bb0dcd76e27
Author: ZHGZYANG <git@zhgzyang.cn>
Date:   Wed Aug 26 15:19:54 2020 -0500

    first push

 .DS_Store            | Bin 8196 -> 0 bytes
 Makefile             |   5 ++++-
 bpbkt7.o             | Bin 980 -> 929 bytes
 lhn95.o              | Bin 1016 -> 972 bytes
 sentences/_HEADERS.h |   3 ++-
 sentences/zzd8h.c    |  15 +++++++++++++++
 sn4fd.o              | Bin 1016 -> 963 bytes
 story                | Bin 12764 -> 0 bytes
 story.c              |   5 ++++-
 story.exe            | Bin 0 -> 43655 bytes
 story.o              | Bin 1104 -> 1485 bytes
 the_story.txt        |   7 +++++++
 zzd8h.o              | Bin 0 -> 967 bytes
 13 files changed, 32 insertions(+), 3 deletions(-)

commit 28a6f69aa18569ea3cf081ded7f149a7b64c566d
Merge: 405382f 9ac3309
Author: Shashank Nambi <59937058+ShashankNambi1998@users.noreply.github.com>
Date:   Wed Aug 26 14:52:08 2020 -0500

    Merge pull request #1 from MUSoftwareEngineering/Sn4fd
    
    Sn4fd

commit 9ac3309d614a02d0cbe7d62078df344899d6ef7e
Merge: ad36dd3 405382f
Author: [Sn4fd] <59937058+ShashankNambi1998@users.noreply.github.com>
Date:   Wed Aug 26 14:51:49 2020 -0500

    Merge branch 'master' into Sn4fd

commit ad36dd3cdedcafff25d997b0098c3cc99ce69679
Author: [Sn4fd] <59937058+ShashankNambi1998@users.noreply.github.com>
Date:   Wed Aug 26 14:39:46 2020 -0500

    Sn4fd
    
    Added to story

 Makefile             |   6 ++++--
 bpbkt7.o             | Bin 0 -> 980 bytes
 sentences/_HEADERS.h |   3 ++-
 sentences/sn4fd.c    |  15 +++++++++++++++
 sn4fd.o              | Bin 0 -> 1016 bytes
 story                | Bin 0 -> 12764 bytes
 story.c              |   6 ++++--
 story.o              | Bin 0 -> 1104 bytes
 the_story.txt        |   7 +++++++
 9 files changed, 32 insertions(+), 5 deletions(-)

commit 405382fa441a75efc338d1d7fba48444c8683ff0
Merge: df61d03 9c90dd3
Author: Lingshu Hu <lingshu.hu@hotmail.com>
Date:   Wed Aug 26 14:28:57 2020 -0500

    Merge branch 'master' of https://github.com/MUSoftwareEngineering/GitMagic
    
    Merge lhn95's work.

commit 9c90dd3af87e2b8db52b86f1c7790f3b1c4d88c7
Author: Sean P. Goggins <s@goggins.com>
Date:   Wed Aug 26 14:20:47 2020 -0500

    Update README.md

 README.md | 5 +----
 1 file changed, 1 insertion(+), 4 deletions(-)

commit df61d03a12368e47897fb42b2ae86f1e3bda2e9e
Author: Lingshu Hu <lingshu.hu@hotmail.com>
Date:   Wed Aug 26 13:45:41 2020 -0500

    two sentences completed

 .DS_Store            | Bin 0 -> 8196 bytes
 Makefile             |   5 +++--
 bpbkt7.o             | Bin 0 -> 980 bytes
 lhn95.o              | Bin 0 -> 1016 bytes
 sentences/.DS_Store  | Bin 0 -> 6148 bytes
 sentences/_HEADERS.h |   3 ++-
 sentences/lhn95.c    |  18 ++++++++++++++++++
 story                | Bin 0 -> 12740 bytes
 story.c              |   6 +++++-
 story.o              | Bin 0 -> 1120 bytes
 the_story.txt        |   8 ++++++++
 11 files changed, 36 insertions(+), 4 deletions(-)

commit dba8a43a7ae9eec73cf0f7c9fe00975cd7d8ff1e
Author: Goggins, Sean Patrick <s@goggins.com>
Date:   Tue Aug 11 14:00:19 2020 -0500

    Initial commit

 Github exercise_1.docx | Bin 0 -> 133730 bytes
 Github exercise_1.pdf  | Bin 0 -> 117575 bytes
 Makefile               |  70 +++++++++++++++++++++++++++++++++++++++++++++++++
 README.md              |   4 +++
 sentences/_HEADERS.h   |  10 +++++++
 sentences/bpbkt7.c     |  18 +++++++++++++
 story.c                |  26 ++++++++++++++++++
 the_story.txt          |   9 +++++++
 8 files changed, 137 insertions(+)
